CRITICAL - 2022-04-28 01:40:33 --> syntax error, unexpected '$usr' (T_VARIABLE), expecting ';' or ','
#0 C:\xampp7\htdocs\ci4\system\View\View.php(213): CodeIgniter\View\View->CodeIgniter\View\{closure}()
#1 C:\xampp7\htdocs\ci4\system\Common.php(1089): CodeIgniter\View\View->render('Dashboard/dafta...', Array, true)
#2 C:\xampp7\htdocs\ci4\app\Controllers\Dashboard.php(24): view('Dashboard/dafta...', Array)
#3 C:\xampp7\htdocs\ci4\system\CodeIgniter.php(832): App\Controllers\Dashboard->daftar()
#4 C:\xampp7\htdocs\ci4\system\CodeIgniter.php(419): CodeIgniter\CodeIgniter->runController(Object(App\Controllers\Dashboard))
#5 C:\xampp7\htdocs\ci4\system\CodeIgniter.php(326): CodeIgniter\CodeIgniter->handleRequest(NULL, Object(Config\Cache), false)
#6 C:\xampp7\htdocs\ci4\public\index.php(37): CodeIgniter\CodeIgniter->run()
#7 {main}
CRITICAL - 2022-04-28 02:41:47 --> Call to a member function getName() on null
#0 C:\xampp7\htdocs\ci4\system\CodeIgniter.php(832): App\Controllers\Dashboard->prosesupdate()
#1 C:\xampp7\htdocs\ci4\system\CodeIgniter.php(419): CodeIgniter\CodeIgniter->runController(Object(App\Controllers\Dashboard))
#2 C:\xampp7\htdocs\ci4\system\CodeIgniter.php(326): CodeIgniter\CodeIgniter->handleRequest(NULL, Object(Config\Cache), false)
#3 C:\xampp7\htdocs\ci4\public\index.php(37): CodeIgniter\CodeIgniter->run()
#4 {main}
CRITICAL - 2022-04-28 02:42:36 --> Call to a member function getName() on null
#0 C:\xampp7\htdocs\ci4\system\CodeIgniter.php(832): App\Controllers\Dashboard->prosesupdate()
#1 C:\xampp7\htdocs\ci4\system\CodeIgniter.php(419): CodeIgniter\CodeIgniter->runController(Object(App\Controllers\Dashboard))
#2 C:\xampp7\htdocs\ci4\system\CodeIgniter.php(326): CodeIgniter\CodeIgniter->handleRequest(NULL, Object(Config\Cache), false)
#3 C:\xampp7\htdocs\ci4\public\index.php(37): CodeIgniter\CodeIgniter->run()
#4 {main}
CRITICAL - 2022-04-28 02:59:35 --> Call to a member function getName() on null
#0 C:\xampp7\htdocs\ci4\system\CodeIgniter.php(832): App\Controllers\Dashboard->prosesupdate()
#1 C:\xampp7\htdocs\ci4\system\CodeIgniter.php(419): CodeIgniter\CodeIgniter->runController(Object(App\Controllers\Dashboard))
#2 C:\xampp7\htdocs\ci4\system\CodeIgniter.php(326): CodeIgniter\CodeIgniter->handleRequest(NULL, Object(Config\Cache), false)
#3 C:\xampp7\htdocs\ci4\public\index.php(37): CodeIgniter\CodeIgniter->run()
#4 {main}
CRITICAL - 2022-04-28 02:59:35 --> Call to a member function getName() on null
#0 C:\xampp7\htdocs\ci4\system\CodeIgniter.php(832): App\Controllers\Dashboard->prosesupdate()
#1 C:\xampp7\htdocs\ci4\system\CodeIgniter.php(419): CodeIgniter\CodeIgniter->runController(Object(App\Controllers\Dashboard))
#2 C:\xampp7\htdocs\ci4\system\CodeIgniter.php(326): CodeIgniter\CodeIgniter->handleRequest(NULL, Object(Config\Cache), false)
#3 C:\xampp7\htdocs\ci4\public\index.php(37): CodeIgniter\CodeIgniter->run()
#4 {main}
