CRITICAL - 2022-05-18 19:42:12 --> You must set the database table to be used with your query.
#0 C:\xampp7\htdocs\Futsal\system\Model.php(545): CodeIgniter\Database\BaseConnection->table(NULL)
#1 C:\xampp7\htdocs\Futsal\system\Model.php(722): CodeIgniter\Model->builder()
#2 C:\xampp7\htdocs\Futsal\app\Controllers\Controller.php(48): CodeIgniter\Model->__call('simpandata', Array)
#3 C:\xampp7\htdocs\Futsal\system\CodeIgniter.php(832): App\Controllers\Controller->send()
#4 C:\xampp7\htdocs\Futsal\system\CodeIgniter.php(419): CodeIgniter\CodeIgniter->runController(Object(App\Controllers\Controller))
#5 C:\xampp7\htdocs\Futsal\system\CodeIgniter.php(326): CodeIgniter\CodeIgniter->handleRequest(NULL, Object(Config\Cache), false)
#6 C:\xampp7\htdocs\Futsal\public\index.php(37): CodeIgniter\CodeIgniter->run()
#7 {main}
CRITICAL - 2022-05-18 19:43:00 --> You must set the database table to be used with your query.
#0 C:\xampp7\htdocs\Futsal\system\Model.php(545): CodeIgniter\Database\BaseConnection->table(NULL)
#1 C:\xampp7\htdocs\Futsal\system\Model.php(722): CodeIgniter\Model->builder()
#2 C:\xampp7\htdocs\Futsal\app\Controllers\Controller.php(48): CodeIgniter\Model->__call('simpandata', Array)
#3 C:\xampp7\htdocs\Futsal\system\CodeIgniter.php(832): App\Controllers\Controller->send()
#4 C:\xampp7\htdocs\Futsal\system\CodeIgniter.php(419): CodeIgniter\CodeIgniter->runController(Object(App\Controllers\Controller))
#5 C:\xampp7\htdocs\Futsal\system\CodeIgniter.php(326): CodeIgniter\CodeIgniter->handleRequest(NULL, Object(Config\Cache), false)
#6 C:\xampp7\htdocs\Futsal\public\index.php(37): CodeIgniter\CodeIgniter->run()
#7 {main}
CRITICAL - 2022-05-18 19:43:00 --> You must set the database table to be used with your query.
#0 C:\xampp7\htdocs\Futsal\system\Model.php(545): CodeIgniter\Database\BaseConnection->table(NULL)
#1 C:\xampp7\htdocs\Futsal\system\Model.php(722): CodeIgniter\Model->builder()
#2 C:\xampp7\htdocs\Futsal\app\Controllers\Controller.php(48): CodeIgniter\Model->__call('simpandata', Array)
#3 C:\xampp7\htdocs\Futsal\system\CodeIgniter.php(832): App\Controllers\Controller->send()
#4 C:\xampp7\htdocs\Futsal\system\CodeIgniter.php(419): CodeIgniter\CodeIgniter->runController(Object(App\Controllers\Controller))
#5 C:\xampp7\htdocs\Futsal\system\CodeIgniter.php(326): CodeIgniter\CodeIgniter->handleRequest(NULL, Object(Config\Cache), false)
#6 C:\xampp7\htdocs\Futsal\public\index.php(37): CodeIgniter\CodeIgniter->run()
#7 {main}
ERROR - 2022-05-18 19:51:04 --> Unknown column 'avatar' in 'field list'
CRITICAL - 2022-05-18 19:51:04 --> Unknown column 'avatar' in 'field list'
#0 C:\xampp7\htdocs\Futsal\system\Database\MySQLi\Connection.php(292): mysqli->query('INSERT INTO `us...', 0)
#1 C:\xampp7\htdocs\Futsal\system\Database\BaseConnection.php(670): CodeIgniter\Database\MySQLi\Connection->execute('INSERT INTO `us...')
#2 C:\xampp7\htdocs\Futsal\system\Database\BaseConnection.php(598): CodeIgniter\Database\BaseConnection->simpleQuery('INSERT INTO `us...')
#3 C:\xampp7\htdocs\Futsal\system\Database\BaseBuilder.php(1771): CodeIgniter\Database\BaseConnection->query('INSERT INTO `us...', Array, false)
#4 C:\xampp7\htdocs\Futsal\app\Models\Model_LR.php(9): CodeIgniter\Database\BaseBuilder->insert(Array)
#5 C:\xampp7\htdocs\Futsal\app\Controllers\Controller.php(48): App\Models\Model_LR->savedata(Array)
#6 C:\xampp7\htdocs\Futsal\system\CodeIgniter.php(832): App\Controllers\Controller->send()
#7 C:\xampp7\htdocs\Futsal\system\CodeIgniter.php(419): CodeIgniter\CodeIgniter->runController(Object(App\Controllers\Controller))
#8 C:\xampp7\htdocs\Futsal\system\CodeIgniter.php(326): CodeIgniter\CodeIgniter->handleRequest(NULL, Object(Config\Cache), false)
#9 C:\xampp7\htdocs\Futsal\public\index.php(37): CodeIgniter\CodeIgniter->run()
#10 {main}
ERROR - 2022-05-18 20:10:10 --> Duplicate entry '0' for key 'PRIMARY'
ERROR - 2022-05-18 20:10:10 --> Duplicate entry '0' for key 'PRIMARY'
CRITICAL - 2022-05-18 20:10:10 --> Duplicate entry '0' for key 'PRIMARY'
#0 C:\xampp7\htdocs\Futsal\system\Database\MySQLi\Connection.php(292): mysqli->query('INSERT INTO `us...', 0)
#1 C:\xampp7\htdocs\Futsal\system\Database\BaseConnection.php(670): CodeIgniter\Database\MySQLi\Connection->execute('INSERT INTO `us...')
#2 C:\xampp7\htdocs\Futsal\system\Database\BaseConnection.php(598): CodeIgniter\Database\BaseConnection->simpleQuery('INSERT INTO `us...')
#3 C:\xampp7\htdocs\Futsal\system\Database\BaseBuilder.php(1771): CodeIgniter\Database\BaseConnection->query('INSERT INTO `us...', Array, false)
#4 C:\xampp7\htdocs\Futsal\app\Models\Model_LR.php(9): CodeIgniter\Database\BaseBuilder->insert(Array)
#5 C:\xampp7\htdocs\Futsal\app\Controllers\Controller.php(48): App\Models\Model_LR->savedata(Array)
#6 C:\xampp7\htdocs\Futsal\system\CodeIgniter.php(832): App\Controllers\Controller->send()
#7 C:\xampp7\htdocs\Futsal\system\CodeIgniter.php(419): CodeIgniter\CodeIgniter->runController(Object(App\Controllers\Controller))
#8 C:\xampp7\htdocs\Futsal\system\CodeIgniter.php(326): CodeIgniter\CodeIgniter->handleRequest(NULL, Object(Config\Cache), false)
#9 C:\xampp7\htdocs\Futsal\public\index.php(37): CodeIgniter\CodeIgniter->run()
#10 {main}
CRITICAL - 2022-05-18 20:10:10 --> Duplicate entry '0' for key 'PRIMARY'
#0 C:\xampp7\htdocs\Futsal\system\Database\MySQLi\Connection.php(292): mysqli->query('INSERT INTO `us...', 0)
#1 C:\xampp7\htdocs\Futsal\system\Database\BaseConnection.php(670): CodeIgniter\Database\MySQLi\Connection->execute('INSERT INTO `us...')
#2 C:\xampp7\htdocs\Futsal\system\Database\BaseConnection.php(598): CodeIgniter\Database\BaseConnection->simpleQuery('INSERT INTO `us...')
#3 C:\xampp7\htdocs\Futsal\system\Database\BaseBuilder.php(1771): CodeIgniter\Database\BaseConnection->query('INSERT INTO `us...', Array, false)
#4 C:\xampp7\htdocs\Futsal\app\Models\Model_LR.php(9): CodeIgniter\Database\BaseBuilder->insert(Array)
#5 C:\xampp7\htdocs\Futsal\app\Controllers\Controller.php(48): App\Models\Model_LR->savedata(Array)
#6 C:\xampp7\htdocs\Futsal\system\CodeIgniter.php(832): App\Controllers\Controller->send()
#7 C:\xampp7\htdocs\Futsal\system\CodeIgniter.php(419): CodeIgniter\CodeIgniter->runController(Object(App\Controllers\Controller))
#8 C:\xampp7\htdocs\Futsal\system\CodeIgniter.php(326): CodeIgniter\CodeIgniter->handleRequest(NULL, Object(Config\Cache), false)
#9 C:\xampp7\htdocs\Futsal\public\index.php(37): CodeIgniter\CodeIgniter->run()
#10 {main}
ERROR - 2022-05-18 20:14:18 --> Duplicate entry 'U051908141801' for key 'PRIMARY'
CRITICAL - 2022-05-18 20:14:18 --> Duplicate entry 'U051908141801' for key 'PRIMARY'
#0 C:\xampp7\htdocs\Futsal\system\Database\MySQLi\Connection.php(292): mysqli->query('INSERT INTO `us...', 0)
#1 C:\xampp7\htdocs\Futsal\system\Database\BaseConnection.php(670): CodeIgniter\Database\MySQLi\Connection->execute('INSERT INTO `us...')
#2 C:\xampp7\htdocs\Futsal\system\Database\BaseConnection.php(598): CodeIgniter\Database\BaseConnection->simpleQuery('INSERT INTO `us...')
#3 C:\xampp7\htdocs\Futsal\system\Database\BaseBuilder.php(1771): CodeIgniter\Database\BaseConnection->query('INSERT INTO `us...', Array, false)
#4 C:\xampp7\htdocs\Futsal\app\Models\Model_LR.php(9): CodeIgniter\Database\BaseBuilder->insert(Array)
#5 C:\xampp7\htdocs\Futsal\app\Controllers\Controller.php(48): App\Models\Model_LR->savedata(Array)
#6 C:\xampp7\htdocs\Futsal\system\CodeIgniter.php(832): App\Controllers\Controller->send()
#7 C:\xampp7\htdocs\Futsal\system\CodeIgniter.php(419): CodeIgniter\CodeIgniter->runController(Object(App\Controllers\Controller))
#8 C:\xampp7\htdocs\Futsal\system\CodeIgniter.php(326): CodeIgniter\CodeIgniter->handleRequest(NULL, Object(Config\Cache), false)
#9 C:\xampp7\htdocs\Futsal\public\index.php(37): CodeIgniter\CodeIgniter->run()
#10 {main}
ERROR - 2022-05-18 20:21:06 --> Duplicate entry 'U051908210601' for key 'PRIMARY'
CRITICAL - 2022-05-18 20:21:06 --> Duplicate entry 'U051908210601' for key 'PRIMARY'
#0 C:\xampp7\htdocs\Futsal\system\Database\MySQLi\Connection.php(292): mysqli->query('INSERT INTO `us...', 0)
#1 C:\xampp7\htdocs\Futsal\system\Database\BaseConnection.php(670): CodeIgniter\Database\MySQLi\Connection->execute('INSERT INTO `us...')
#2 C:\xampp7\htdocs\Futsal\system\Database\BaseConnection.php(598): CodeIgniter\Database\BaseConnection->simpleQuery('INSERT INTO `us...')
#3 C:\xampp7\htdocs\Futsal\system\Database\BaseBuilder.php(1771): CodeIgniter\Database\BaseConnection->query('INSERT INTO `us...', Array, false)
#4 C:\xampp7\htdocs\Futsal\app\Models\Model_LR.php(9): CodeIgniter\Database\BaseBuilder->insert(Array)
#5 C:\xampp7\htdocs\Futsal\app\Controllers\Controller.php(51): App\Models\Model_LR->savedata(Array)
#6 C:\xampp7\htdocs\Futsal\system\CodeIgniter.php(832): App\Controllers\Controller->send()
#7 C:\xampp7\htdocs\Futsal\system\CodeIgniter.php(419): CodeIgniter\CodeIgniter->runController(Object(App\Controllers\Controller))
#8 C:\xampp7\htdocs\Futsal\system\CodeIgniter.php(326): CodeIgniter\CodeIgniter->handleRequest(NULL, Object(Config\Cache), false)
#9 C:\xampp7\htdocs\Futsal\public\index.php(37): CodeIgniter\CodeIgniter->run()
#10 {main}
ERROR - 2022-05-18 20:26:41 --> Duplicate entry 'U051908264101' for key 'PRIMARY'
CRITICAL - 2022-05-18 20:26:41 --> Duplicate entry 'U051908264101' for key 'PRIMARY'
#0 C:\xampp7\htdocs\Futsal\system\Database\MySQLi\Connection.php(292): mysqli->query('INSERT INTO `us...', 0)
#1 C:\xampp7\htdocs\Futsal\system\Database\BaseConnection.php(670): CodeIgniter\Database\MySQLi\Connection->execute('INSERT INTO `us...')
#2 C:\xampp7\htdocs\Futsal\system\Database\BaseConnection.php(598): CodeIgniter\Database\BaseConnection->simpleQuery('INSERT INTO `us...')
#3 C:\xampp7\htdocs\Futsal\system\Database\BaseBuilder.php(1771): CodeIgniter\Database\BaseConnection->query('INSERT INTO `us...', Array, false)
#4 C:\xampp7\htdocs\Futsal\app\Models\Model_LR.php(9): CodeIgniter\Database\BaseBuilder->insert(Array)
#5 C:\xampp7\htdocs\Futsal\app\Controllers\Controller.php(51): App\Models\Model_LR->savedata(Array)
#6 C:\xampp7\htdocs\Futsal\system\CodeIgniter.php(832): App\Controllers\Controller->send()
#7 C:\xampp7\htdocs\Futsal\system\CodeIgniter.php(419): CodeIgniter\CodeIgniter->runController(Object(App\Controllers\Controller))
#8 C:\xampp7\htdocs\Futsal\system\CodeIgniter.php(326): CodeIgniter\CodeIgniter->handleRequest(NULL, Object(Config\Cache), false)
#9 C:\xampp7\htdocs\Futsal\public\index.php(37): CodeIgniter\CodeIgniter->run()
#10 {main}
ERROR - 2022-05-18 20:26:41 --> Duplicate entry 'U051908264101' for key 'PRIMARY'
CRITICAL - 2022-05-18 20:26:41 --> Duplicate entry 'U051908264101' for key 'PRIMARY'
#0 C:\xampp7\htdocs\Futsal\system\Database\MySQLi\Connection.php(292): mysqli->query('INSERT INTO `us...', 0)
#1 C:\xampp7\htdocs\Futsal\system\Database\BaseConnection.php(670): CodeIgniter\Database\MySQLi\Connection->execute('INSERT INTO `us...')
#2 C:\xampp7\htdocs\Futsal\system\Database\BaseConnection.php(598): CodeIgniter\Database\BaseConnection->simpleQuery('INSERT INTO `us...')
#3 C:\xampp7\htdocs\Futsal\system\Database\BaseBuilder.php(1771): CodeIgniter\Database\BaseConnection->query('INSERT INTO `us...', Array, false)
#4 C:\xampp7\htdocs\Futsal\app\Models\Model_LR.php(9): CodeIgniter\Database\BaseBuilder->insert(Array)
#5 C:\xampp7\htdocs\Futsal\app\Controllers\Controller.php(51): App\Models\Model_LR->savedata(Array)
#6 C:\xampp7\htdocs\Futsal\system\CodeIgniter.php(832): App\Controllers\Controller->send()
#7 C:\xampp7\htdocs\Futsal\system\CodeIgniter.php(419): CodeIgniter\CodeIgniter->runController(Object(App\Controllers\Controller))
#8 C:\xampp7\htdocs\Futsal\system\CodeIgniter.php(326): CodeIgniter\CodeIgniter->handleRequest(NULL, Object(Config\Cache), false)
#9 C:\xampp7\htdocs\Futsal\public\index.php(37): CodeIgniter\CodeIgniter->run()
#10 {main}
ERROR - 2022-05-18 20:26:42 --> Duplicate entry 'U051908264201' for key 'PRIMARY'
CRITICAL - 2022-05-18 20:26:42 --> Duplicate entry 'U051908264201' for key 'PRIMARY'
#0 C:\xampp7\htdocs\Futsal\system\Database\MySQLi\Connection.php(292): mysqli->query('INSERT INTO `us...', 0)
#1 C:\xampp7\htdocs\Futsal\system\Database\BaseConnection.php(670): CodeIgniter\Database\MySQLi\Connection->execute('INSERT INTO `us...')
#2 C:\xampp7\htdocs\Futsal\system\Database\BaseConnection.php(598): CodeIgniter\Database\BaseConnection->simpleQuery('INSERT INTO `us...')
#3 C:\xampp7\htdocs\Futsal\system\Database\BaseBuilder.php(1771): CodeIgniter\Database\BaseConnection->query('INSERT INTO `us...', Array, false)
#4 C:\xampp7\htdocs\Futsal\app\Models\Model_LR.php(9): CodeIgniter\Database\BaseBuilder->insert(Array)
#5 C:\xampp7\htdocs\Futsal\app\Controllers\Controller.php(51): App\Models\Model_LR->savedata(Array)
#6 C:\xampp7\htdocs\Futsal\system\CodeIgniter.php(832): App\Controllers\Controller->send()
#7 C:\xampp7\htdocs\Futsal\system\CodeIgniter.php(419): CodeIgniter\CodeIgniter->runController(Object(App\Controllers\Controller))
#8 C:\xampp7\htdocs\Futsal\system\CodeIgniter.php(326): CodeIgniter\CodeIgniter->handleRequest(NULL, Object(Config\Cache), false)
#9 C:\xampp7\htdocs\Futsal\public\index.php(37): CodeIgniter\CodeIgniter->run()
#10 {main}
ERROR - 2022-05-18 20:27:59 --> Duplicate entry 'U051908275901' for key 'PRIMARY'
CRITICAL - 2022-05-18 20:27:59 --> Duplicate entry 'U051908275901' for key 'PRIMARY'
#0 C:\xampp7\htdocs\Futsal\system\Database\MySQLi\Connection.php(292): mysqli->query('INSERT INTO `us...', 0)
#1 C:\xampp7\htdocs\Futsal\system\Database\BaseConnection.php(670): CodeIgniter\Database\MySQLi\Connection->execute('INSERT INTO `us...')
#2 C:\xampp7\htdocs\Futsal\system\Database\BaseConnection.php(598): CodeIgniter\Database\BaseConnection->simpleQuery('INSERT INTO `us...')
#3 C:\xampp7\htdocs\Futsal\system\Database\BaseBuilder.php(1771): CodeIgniter\Database\BaseConnection->query('INSERT INTO `us...', Array, false)
#4 C:\xampp7\htdocs\Futsal\app\Models\Model_LR.php(9): CodeIgniter\Database\BaseBuilder->insert(Array)
#5 C:\xampp7\htdocs\Futsal\app\Controllers\Controller.php(51): App\Models\Model_LR->savedata(Array)
#6 C:\xampp7\htdocs\Futsal\system\CodeIgniter.php(832): App\Controllers\Controller->send()
#7 C:\xampp7\htdocs\Futsal\system\CodeIgniter.php(419): CodeIgniter\CodeIgniter->runController(Object(App\Controllers\Controller))
#8 C:\xampp7\htdocs\Futsal\system\CodeIgniter.php(326): CodeIgniter\CodeIgniter->handleRequest(NULL, Object(Config\Cache), false)
#9 C:\xampp7\htdocs\Futsal\public\index.php(37): CodeIgniter\CodeIgniter->run()
#10 {main}
ERROR - 2022-05-18 20:31:50 --> Duplicate entry 'U051908315001' for key 'PRIMARY'
CRITICAL - 2022-05-18 20:31:50 --> Duplicate entry 'U051908315001' for key 'PRIMARY'
#0 C:\xampp7\htdocs\Futsal\system\Database\MySQLi\Connection.php(292): mysqli->query('INSERT INTO `us...', 0)
#1 C:\xampp7\htdocs\Futsal\system\Database\BaseConnection.php(670): CodeIgniter\Database\MySQLi\Connection->execute('INSERT INTO `us...')
#2 C:\xampp7\htdocs\Futsal\system\Database\BaseConnection.php(598): CodeIgniter\Database\BaseConnection->simpleQuery('INSERT INTO `us...')
#3 C:\xampp7\htdocs\Futsal\system\Database\BaseBuilder.php(1771): CodeIgniter\Database\BaseConnection->query('INSERT INTO `us...', Array, false)
#4 C:\xampp7\htdocs\Futsal\app\Models\Model_LR.php(9): CodeIgniter\Database\BaseBuilder->insert(Array)
#5 C:\xampp7\htdocs\Futsal\app\Controllers\Controller.php(51): App\Models\Model_LR->savedata(Array)
#6 C:\xampp7\htdocs\Futsal\system\CodeIgniter.php(832): App\Controllers\Controller->send()
#7 C:\xampp7\htdocs\Futsal\system\CodeIgniter.php(419): CodeIgniter\CodeIgniter->runController(Object(App\Controllers\Controller))
#8 C:\xampp7\htdocs\Futsal\system\CodeIgniter.php(326): CodeIgniter\CodeIgniter->handleRequest(NULL, Object(Config\Cache), false)
#9 C:\xampp7\htdocs\Futsal\public\index.php(37): CodeIgniter\CodeIgniter->run()
#10 {main}
ERROR - 2022-05-18 20:31:52 --> Duplicate entry 'U051908315201' for key 'PRIMARY'
CRITICAL - 2022-05-18 20:31:52 --> Duplicate entry 'U051908315201' for key 'PRIMARY'
#0 C:\xampp7\htdocs\Futsal\system\Database\MySQLi\Connection.php(292): mysqli->query('INSERT INTO `us...', 0)
#1 C:\xampp7\htdocs\Futsal\system\Database\BaseConnection.php(670): CodeIgniter\Database\MySQLi\Connection->execute('INSERT INTO `us...')
#2 C:\xampp7\htdocs\Futsal\system\Database\BaseConnection.php(598): CodeIgniter\Database\BaseConnection->simpleQuery('INSERT INTO `us...')
#3 C:\xampp7\htdocs\Futsal\system\Database\BaseBuilder.php(1771): CodeIgniter\Database\BaseConnection->query('INSERT INTO `us...', Array, false)
#4 C:\xampp7\htdocs\Futsal\app\Models\Model_LR.php(9): CodeIgniter\Database\BaseBuilder->insert(Array)
#5 C:\xampp7\htdocs\Futsal\app\Controllers\Controller.php(51): App\Models\Model_LR->savedata(Array)
#6 C:\xampp7\htdocs\Futsal\system\CodeIgniter.php(832): App\Controllers\Controller->send()
#7 C:\xampp7\htdocs\Futsal\system\CodeIgniter.php(419): CodeIgniter\CodeIgniter->runController(Object(App\Controllers\Controller))
#8 C:\xampp7\htdocs\Futsal\system\CodeIgniter.php(326): CodeIgniter\CodeIgniter->handleRequest(NULL, Object(Config\Cache), false)
#9 C:\xampp7\htdocs\Futsal\public\index.php(37): CodeIgniter\CodeIgniter->run()
#10 {main}
ERROR - 2022-05-18 20:32:01 --> Duplicate entry 'U051908320101' for key 'PRIMARY'
CRITICAL - 2022-05-18 20:32:01 --> Duplicate entry 'U051908320101' for key 'PRIMARY'
#0 C:\xampp7\htdocs\Futsal\system\Database\MySQLi\Connection.php(292): mysqli->query('INSERT INTO `us...', 0)
#1 C:\xampp7\htdocs\Futsal\system\Database\BaseConnection.php(670): CodeIgniter\Database\MySQLi\Connection->execute('INSERT INTO `us...')
#2 C:\xampp7\htdocs\Futsal\system\Database\BaseConnection.php(598): CodeIgniter\Database\BaseConnection->simpleQuery('INSERT INTO `us...')
#3 C:\xampp7\htdocs\Futsal\system\Database\BaseBuilder.php(1771): CodeIgniter\Database\BaseConnection->query('INSERT INTO `us...', Array, false)
#4 C:\xampp7\htdocs\Futsal\app\Models\Model_LR.php(9): CodeIgniter\Database\BaseBuilder->insert(Array)
#5 C:\xampp7\htdocs\Futsal\app\Controllers\Controller.php(51): App\Models\Model_LR->savedata(Array)
#6 C:\xampp7\htdocs\Futsal\system\CodeIgniter.php(832): App\Controllers\Controller->send()
#7 C:\xampp7\htdocs\Futsal\system\CodeIgniter.php(419): CodeIgniter\CodeIgniter->runController(Object(App\Controllers\Controller))
#8 C:\xampp7\htdocs\Futsal\system\CodeIgniter.php(326): CodeIgniter\CodeIgniter->handleRequest(NULL, Object(Config\Cache), false)
#9 C:\xampp7\htdocs\Futsal\public\index.php(37): CodeIgniter\CodeIgniter->run()
#10 {main}
CRITICAL - 2022-05-18 21:21:56 --> Undefined property: App\Controllers\Controller::$db
#0 C:\xampp7\htdocs\Futsal\app\Controllers\Controller.php(57): CodeIgniter\Debug\Exceptions->errorHandler(8, 'Undefined prope...', 'C:\\xampp7\\htdoc...', 57, Array)
#1 C:\xampp7\htdocs\Futsal\system\CodeIgniter.php(832): App\Controllers\Controller->send()
#2 C:\xampp7\htdocs\Futsal\system\CodeIgniter.php(419): CodeIgniter\CodeIgniter->runController(Object(App\Controllers\Controller))
#3 C:\xampp7\htdocs\Futsal\system\CodeIgniter.php(326): CodeIgniter\CodeIgniter->handleRequest(NULL, Object(Config\Cache), false)
#4 C:\xampp7\htdocs\Futsal\public\index.php(37): CodeIgniter\CodeIgniter->run()
#5 {main}
CRITICAL - 2022-05-18 21:22:42 --> Undefined property: App\Controllers\Controller::$db
#0 C:\xampp7\htdocs\Futsal\app\Controllers\Controller.php(57): CodeIgniter\Debug\Exceptions->errorHandler(8, 'Undefined prope...', 'C:\\xampp7\\htdoc...', 57, Array)
#1 C:\xampp7\htdocs\Futsal\system\CodeIgniter.php(832): App\Controllers\Controller->send()
#2 C:\xampp7\htdocs\Futsal\system\CodeIgniter.php(419): CodeIgniter\CodeIgniter->runController(Object(App\Controllers\Controller))
#3 C:\xampp7\htdocs\Futsal\system\CodeIgniter.php(326): CodeIgniter\CodeIgniter->handleRequest(NULL, Object(Config\Cache), false)
#4 C:\xampp7\htdocs\Futsal\public\index.php(37): CodeIgniter\CodeIgniter->run()
#5 {main}
CRITICAL - 2022-05-18 21:24:20 --> Undefined variable: db
#0 C:\xampp7\htdocs\Futsal\app\Controllers\Controller.php(57): CodeIgniter\Debug\Exceptions->errorHandler(8, 'Undefined varia...', 'C:\\xampp7\\htdoc...', 57, Array)
#1 C:\xampp7\htdocs\Futsal\system\CodeIgniter.php(832): App\Controllers\Controller->send()
#2 C:\xampp7\htdocs\Futsal\system\CodeIgniter.php(419): CodeIgniter\CodeIgniter->runController(Object(App\Controllers\Controller))
#3 C:\xampp7\htdocs\Futsal\system\CodeIgniter.php(326): CodeIgniter\CodeIgniter->handleRequest(NULL, Object(Config\Cache), false)
#4 C:\xampp7\htdocs\Futsal\public\index.php(37): CodeIgniter\CodeIgniter->run()
#5 {main}
