CRITICAL - 2022-07-11 03:23:16 --> Undefined property: stdClass::$kduser
#0 D:\Xampp 8.0\htdocs\Futsal\app\Views\User\myProfile.php(51): CodeIgniter\Debug\Exceptions->errorHandler(2, 'Undefined prope...', 'D:\\Xampp 8.0\\ht...', 51)
#1 D:\Xampp 8.0\htdocs\Futsal\system\View\View.php(210): include('D:\\Xampp 8.0\\ht...')
#2 D:\Xampp 8.0\htdocs\Futsal\system\View\View.php(213): CodeIgniter\View\View->CodeIgniter\View\{closure}()
#3 D:\Xampp 8.0\htdocs\Futsal\system\Common.php(1089): CodeIgniter\View\View->render('User/myProfile', Array, true)
#4 D:\Xampp 8.0\htdocs\Futsal\app\Controllers\User.php(71): view('User/myProfile', Array)
#5 D:\Xampp 8.0\htdocs\Futsal\system\CodeIgniter.php(832): App\Controllers\User->myprofile('529946ae7f')
#6 D:\Xampp 8.0\htdocs\Futsal\system\CodeIgniter.php(419): CodeIgniter\CodeIgniter->runController(Object(App\Controllers\User))
#7 D:\Xampp 8.0\htdocs\Futsal\system\CodeIgniter.php(326): CodeIgniter\CodeIgniter->handleRequest(NULL, Object(Config\Cache), false)
#8 D:\Xampp 8.0\htdocs\Futsal\public\index.php(37): CodeIgniter\CodeIgniter->run()
#9 {main}
CRITICAL - 2022-07-11 03:26:04 --> Too few arguments to function App\Controllers\User::myprofile(), 0 passed in D:\Xampp 8.0\htdocs\Futsal\system\CodeIgniter.php on line 832 and exactly 1 expected
#0 D:\Xampp 8.0\htdocs\Futsal\system\CodeIgniter.php(832): App\Controllers\User->myprofile()
#1 D:\Xampp 8.0\htdocs\Futsal\system\CodeIgniter.php(419): CodeIgniter\CodeIgniter->runController(Object(App\Controllers\User))
#2 D:\Xampp 8.0\htdocs\Futsal\system\CodeIgniter.php(326): CodeIgniter\CodeIgniter->handleRequest(NULL, Object(Config\Cache), false)
#3 D:\Xampp 8.0\htdocs\Futsal\public\index.php(37): CodeIgniter\CodeIgniter->run()
#4 {main}
CRITICAL - 2022-07-11 03:26:28 --> Too few arguments to function App\Controllers\User::myprofile(), 0 passed in D:\Xampp 8.0\htdocs\Futsal\system\CodeIgniter.php on line 832 and exactly 1 expected
#0 D:\Xampp 8.0\htdocs\Futsal\system\CodeIgniter.php(832): App\Controllers\User->myprofile()
#1 D:\Xampp 8.0\htdocs\Futsal\system\CodeIgniter.php(419): CodeIgniter\CodeIgniter->runController(Object(App\Controllers\User))
#2 D:\Xampp 8.0\htdocs\Futsal\system\CodeIgniter.php(326): CodeIgniter\CodeIgniter->handleRequest(NULL, Object(Config\Cache), false)
#3 D:\Xampp 8.0\htdocs\Futsal\public\index.php(37): CodeIgniter\CodeIgniter->run()
#4 {main}
