CRITICAL - 2022-04-25 21:03:35 --> Undefined variable: kode
#0 C:\xampp7\htdocs\ci4\app\Models\Model_User.php(12): CodeIgniter\Debug\Exceptions->errorHandler(8, 'Undefined varia...', 'C:\\xampp7\\htdoc...', 12, Array)
#1 C:\xampp7\htdocs\ci4\app\Controllers\Dashboard.php(78): App\Models\Model_User->updatedata(Array)
#2 C:\xampp7\htdocs\ci4\system\CodeIgniter.php(832): App\Controllers\Dashboard->prosesupdate()
#3 C:\xampp7\htdocs\ci4\system\CodeIgniter.php(419): CodeIgniter\CodeIgniter->runController(Object(App\Controllers\Dashboard))
#4 C:\xampp7\htdocs\ci4\system\CodeIgniter.php(326): CodeIgniter\CodeIgniter->handleRequest(NULL, Object(Config\Cache), false)
#5 C:\xampp7\htdocs\ci4\public\index.php(37): CodeIgniter\CodeIgniter->run()
#6 {main}
CRITICAL - 2022-04-25 21:04:39 --> Undefined variable: kode
#0 C:\xampp7\htdocs\ci4\app\Models\Model_User.php(12): CodeIgniter\Debug\Exceptions->errorHandler(8, 'Undefined varia...', 'C:\\xampp7\\htdoc...', 12, Array)
#1 C:\xampp7\htdocs\ci4\app\Controllers\Dashboard.php(78): App\Models\Model_User->updatedata(Array)
#2 C:\xampp7\htdocs\ci4\system\CodeIgniter.php(832): App\Controllers\Dashboard->prosesupdate()
#3 C:\xampp7\htdocs\ci4\system\CodeIgniter.php(419): CodeIgniter\CodeIgniter->runController(Object(App\Controllers\Dashboard))
#4 C:\xampp7\htdocs\ci4\system\CodeIgniter.php(326): CodeIgniter\CodeIgniter->handleRequest(NULL, Object(Config\Cache), false)
#5 C:\xampp7\htdocs\ci4\public\index.php(37): CodeIgniter\CodeIgniter->run()
#6 {main}
CRITICAL - 2022-04-25 21:04:51 --> Undefined variable: kode
#0 C:\xampp7\htdocs\ci4\app\Models\Model_User.php(12): CodeIgniter\Debug\Exceptions->errorHandler(8, 'Undefined varia...', 'C:\\xampp7\\htdoc...', 12, Array)
#1 C:\xampp7\htdocs\ci4\app\Controllers\Dashboard.php(78): App\Models\Model_User->updatedata(Array)
#2 C:\xampp7\htdocs\ci4\system\CodeIgniter.php(832): App\Controllers\Dashboard->prosesupdate()
#3 C:\xampp7\htdocs\ci4\system\CodeIgniter.php(419): CodeIgniter\CodeIgniter->runController(Object(App\Controllers\Dashboard))
#4 C:\xampp7\htdocs\ci4\system\CodeIgniter.php(326): CodeIgniter\CodeIgniter->handleRequest(NULL, Object(Config\Cache), false)
#5 C:\xampp7\htdocs\ci4\public\index.php(37): CodeIgniter\CodeIgniter->run()
#6 {main}
CRITICAL - 2022-04-25 21:05:36 --> Undefined variable: kode
#0 C:\xampp7\htdocs\ci4\app\Models\Model_User.php(12): CodeIgniter\Debug\Exceptions->errorHandler(8, 'Undefined varia...', 'C:\\xampp7\\htdoc...', 12, Array)
#1 C:\xampp7\htdocs\ci4\app\Controllers\Dashboard.php(78): App\Models\Model_User->updatedata(Array)
#2 C:\xampp7\htdocs\ci4\system\CodeIgniter.php(832): App\Controllers\Dashboard->prosesupdate()
#3 C:\xampp7\htdocs\ci4\system\CodeIgniter.php(419): CodeIgniter\CodeIgniter->runController(Object(App\Controllers\Dashboard))
#4 C:\xampp7\htdocs\ci4\system\CodeIgniter.php(326): CodeIgniter\CodeIgniter->handleRequest(NULL, Object(Config\Cache), false)
#5 C:\xampp7\htdocs\ci4\public\index.php(37): CodeIgniter\CodeIgniter->run()
#6 {main}
CRITICAL - 2022-04-25 21:06:13 --> Too few arguments to function App\Models\Model_User::updatedata(), 1 passed in C:\xampp7\htdocs\ci4\app\Controllers\Dashboard.php on line 78 and exactly 2 expected
#0 C:\xampp7\htdocs\ci4\app\Controllers\Dashboard.php(78): App\Models\Model_User->updatedata(Array)
#1 C:\xampp7\htdocs\ci4\system\CodeIgniter.php(832): App\Controllers\Dashboard->prosesupdate()
#2 C:\xampp7\htdocs\ci4\system\CodeIgniter.php(419): CodeIgniter\CodeIgniter->runController(Object(App\Controllers\Dashboard))
#3 C:\xampp7\htdocs\ci4\system\CodeIgniter.php(326): CodeIgniter\CodeIgniter->handleRequest(NULL, Object(Config\Cache), false)
#4 C:\xampp7\htdocs\ci4\public\index.php(37): CodeIgniter\CodeIgniter->run()
#5 {main}
ERROR - 2022-04-25 21:13:11 --> Duplicate entry 'U042609131' for key 'PRIMARY'
CRITICAL - 2022-04-25 21:13:11 --> Duplicate entry 'U042609131' for key 'PRIMARY'
#0 C:\xampp7\htdocs\ci4\system\Database\MySQLi\Connection.php(292): mysqli->query('UPDATE `user` S...', 0)
#1 C:\xampp7\htdocs\ci4\system\Database\BaseConnection.php(670): CodeIgniter\Database\MySQLi\Connection->execute('UPDATE `user` S...')
#2 C:\xampp7\htdocs\ci4\system\Database\BaseConnection.php(598): CodeIgniter\Database\BaseConnection->simpleQuery('UPDATE `user` S...')
#3 C:\xampp7\htdocs\ci4\system\Database\BaseBuilder.php(1913): CodeIgniter\Database\BaseConnection->query('UPDATE `user` S...', Array, false)
#4 C:\xampp7\htdocs\ci4\app\Models\Model_User.php(12): CodeIgniter\Database\BaseBuilder->update(Array)
#5 C:\xampp7\htdocs\ci4\app\Controllers\Dashboard.php(78): App\Models\Model_User->updatedata(Array)
#6 C:\xampp7\htdocs\ci4\system\CodeIgniter.php(832): App\Controllers\Dashboard->prosesupdate()
#7 C:\xampp7\htdocs\ci4\system\CodeIgniter.php(419): CodeIgniter\CodeIgniter->runController(Object(App\Controllers\Dashboard))
#8 C:\xampp7\htdocs\ci4\system\CodeIgniter.php(326): CodeIgniter\CodeIgniter->handleRequest(NULL, Object(Config\Cache), false)
#9 C:\xampp7\htdocs\ci4\public\index.php(37): CodeIgniter\CodeIgniter->run()
#10 {main}
CRITICAL - 2022-04-25 21:21:03 --> Allowed fields must be specified for model: App\Models\Model_User
#0 C:\xampp7\htdocs\ci4\system\BaseModel.php(1138): CodeIgniter\Database\Exceptions\DataException::forInvalidAllowedFields('App\\Models\\Mode...')
#1 C:\xampp7\htdocs\ci4\system\BaseModel.php(713): CodeIgniter\BaseModel->doProtectFields(Array)
#2 C:\xampp7\htdocs\ci4\system\Model.php(625): CodeIgniter\BaseModel->insert(Array, false)
#3 C:\xampp7\htdocs\ci4\system\BaseModel.php(658): CodeIgniter\Model->insert(Array, false)
#4 C:\xampp7\htdocs\ci4\app\Controllers\Dashboard.php(62): CodeIgniter\BaseModel->save(Array)
#5 C:\xampp7\htdocs\ci4\system\CodeIgniter.php(832): App\Controllers\Dashboard->prosesupdate()
#6 C:\xampp7\htdocs\ci4\system\CodeIgniter.php(419): CodeIgniter\CodeIgniter->runController(Object(App\Controllers\Dashboard))
#7 C:\xampp7\htdocs\ci4\system\CodeIgniter.php(326): CodeIgniter\CodeIgniter->handleRequest(NULL, Object(Config\Cache), false)
#8 C:\xampp7\htdocs\ci4\public\index.php(37): CodeIgniter\CodeIgniter->run()
#9 {main}
CRITICAL - 2022-04-25 21:22:03 --> Allowed fields must be specified for model: App\Models\Model_User
#0 C:\xampp7\htdocs\ci4\system\BaseModel.php(1138): CodeIgniter\Database\Exceptions\DataException::forInvalidAllowedFields('App\\Models\\Mode...')
#1 C:\xampp7\htdocs\ci4\system\BaseModel.php(713): CodeIgniter\BaseModel->doProtectFields(Array)
#2 C:\xampp7\htdocs\ci4\system\Model.php(625): CodeIgniter\BaseModel->insert(Array, false)
#3 C:\xampp7\htdocs\ci4\system\BaseModel.php(658): CodeIgniter\Model->insert(Array, false)
#4 C:\xampp7\htdocs\ci4\app\Controllers\Dashboard.php(78): CodeIgniter\BaseModel->save(Array)
#5 C:\xampp7\htdocs\ci4\system\CodeIgniter.php(832): App\Controllers\Dashboard->prosesupdate()
#6 C:\xampp7\htdocs\ci4\system\CodeIgniter.php(419): CodeIgniter\CodeIgniter->runController(Object(App\Controllers\Dashboard))
#7 C:\xampp7\htdocs\ci4\system\CodeIgniter.php(326): CodeIgniter\CodeIgniter->handleRequest(NULL, Object(Config\Cache), false)
#8 C:\xampp7\htdocs\ci4\public\index.php(37): CodeIgniter\CodeIgniter->run()
#9 {main}
CRITICAL - 2022-04-25 21:22:27 --> You must set the database table to be used with your query.
#0 C:\xampp7\htdocs\ci4\system\Model.php(545): CodeIgniter\Database\BaseConnection->table(NULL)
#1 C:\xampp7\htdocs\ci4\system\Model.php(397): CodeIgniter\Model->builder()
#2 C:\xampp7\htdocs\ci4\system\BaseModel.php(1038): CodeIgniter\Model->doReplace(Array, false)
#3 C:\xampp7\htdocs\ci4\app\Controllers\Dashboard.php(78): CodeIgniter\BaseModel->replace(Array)
#4 C:\xampp7\htdocs\ci4\system\CodeIgniter.php(832): App\Controllers\Dashboard->prosesupdate()
#5 C:\xampp7\htdocs\ci4\system\CodeIgniter.php(419): CodeIgniter\CodeIgniter->runController(Object(App\Controllers\Dashboard))
#6 C:\xampp7\htdocs\ci4\system\CodeIgniter.php(326): CodeIgniter\CodeIgniter->handleRequest(NULL, Object(Config\Cache), false)
#7 C:\xampp7\htdocs\ci4\public\index.php(37): CodeIgniter\CodeIgniter->run()
#8 {main}
CRITICAL - 2022-04-25 21:26:09 --> Allowed fields must be specified for model: App\Models\Model_User
#0 C:\xampp7\htdocs\ci4\system\BaseModel.php(1138): CodeIgniter\Database\Exceptions\DataException::forInvalidAllowedFields('App\\Models\\Mode...')
#1 C:\xampp7\htdocs\ci4\system\BaseModel.php(713): CodeIgniter\BaseModel->doProtectFields(Array)
#2 C:\xampp7\htdocs\ci4\system\Model.php(625): CodeIgniter\BaseModel->insert(Array, false)
#3 C:\xampp7\htdocs\ci4\system\BaseModel.php(658): CodeIgniter\Model->insert(Array, false)
#4 C:\xampp7\htdocs\ci4\app\Controllers\Dashboard.php(63): CodeIgniter\BaseModel->save(Array)
#5 C:\xampp7\htdocs\ci4\system\CodeIgniter.php(832): App\Controllers\Dashboard->prosesupdate()
#6 C:\xampp7\htdocs\ci4\system\CodeIgniter.php(419): CodeIgniter\CodeIgniter->runController(Object(App\Controllers\Dashboard))
#7 C:\xampp7\htdocs\ci4\system\CodeIgniter.php(326): CodeIgniter\CodeIgniter->handleRequest(NULL, Object(Config\Cache), false)
#8 C:\xampp7\htdocs\ci4\public\index.php(37): CodeIgniter\CodeIgniter->run()
#9 {main}
CRITICAL - 2022-04-25 21:27:53 --> Allowed fields must be specified for model: App\Models\Model_User
#0 C:\xampp7\htdocs\ci4\system\BaseModel.php(1138): CodeIgniter\Database\Exceptions\DataException::forInvalidAllowedFields('App\\Models\\Mode...')
#1 C:\xampp7\htdocs\ci4\system\BaseModel.php(713): CodeIgniter\BaseModel->doProtectFields(Array)
#2 C:\xampp7\htdocs\ci4\system\Model.php(625): CodeIgniter\BaseModel->insert(Array, false)
#3 C:\xampp7\htdocs\ci4\system\BaseModel.php(658): CodeIgniter\Model->insert(Array, false)
#4 C:\xampp7\htdocs\ci4\app\Controllers\Dashboard.php(75): CodeIgniter\BaseModel->save(Array)
#5 C:\xampp7\htdocs\ci4\system\CodeIgniter.php(832): App\Controllers\Dashboard->prosesupdate()
#6 C:\xampp7\htdocs\ci4\system\CodeIgniter.php(419): CodeIgniter\CodeIgniter->runController(Object(App\Controllers\Dashboard))
#7 C:\xampp7\htdocs\ci4\system\CodeIgniter.php(326): CodeIgniter\CodeIgniter->handleRequest(NULL, Object(Config\Cache), false)
#8 C:\xampp7\htdocs\ci4\public\index.php(37): CodeIgniter\CodeIgniter->run()
#9 {main}
CRITICAL - 2022-04-25 21:28:04 --> Allowed fields must be specified for model: App\Models\Model_User
#0 C:\xampp7\htdocs\ci4\system\BaseModel.php(1138): CodeIgniter\Database\Exceptions\DataException::forInvalidAllowedFields('App\\Models\\Mode...')
#1 C:\xampp7\htdocs\ci4\system\BaseModel.php(713): CodeIgniter\BaseModel->doProtectFields(Array)
#2 C:\xampp7\htdocs\ci4\system\Model.php(625): CodeIgniter\BaseModel->insert(Array, false)
#3 C:\xampp7\htdocs\ci4\system\BaseModel.php(658): CodeIgniter\Model->insert(Array, false)
#4 C:\xampp7\htdocs\ci4\app\Controllers\Dashboard.php(75): CodeIgniter\BaseModel->save(Array)
#5 C:\xampp7\htdocs\ci4\system\CodeIgniter.php(832): App\Controllers\Dashboard->prosesupdate()
#6 C:\xampp7\htdocs\ci4\system\CodeIgniter.php(419): CodeIgniter\CodeIgniter->runController(Object(App\Controllers\Dashboard))
#7 C:\xampp7\htdocs\ci4\system\CodeIgniter.php(326): CodeIgniter\CodeIgniter->handleRequest(NULL, Object(Config\Cache), false)
#8 C:\xampp7\htdocs\ci4\public\index.php(37): CodeIgniter\CodeIgniter->run()
#9 {main}
CRITICAL - 2022-04-25 21:28:33 --> You must set the database table to be used with your query.
#0 C:\xampp7\htdocs\ci4\system\Model.php(545): CodeIgniter\Database\BaseConnection->table(NULL)
#1 C:\xampp7\htdocs\ci4\system\Model.php(397): CodeIgniter\Model->builder()
#2 C:\xampp7\htdocs\ci4\system\BaseModel.php(1038): CodeIgniter\Model->doReplace(Array, false)
#3 C:\xampp7\htdocs\ci4\app\Controllers\Dashboard.php(75): CodeIgniter\BaseModel->replace(Array)
#4 C:\xampp7\htdocs\ci4\system\CodeIgniter.php(832): App\Controllers\Dashboard->prosesupdate()
#5 C:\xampp7\htdocs\ci4\system\CodeIgniter.php(419): CodeIgniter\CodeIgniter->runController(Object(App\Controllers\Dashboard))
#6 C:\xampp7\htdocs\ci4\system\CodeIgniter.php(326): CodeIgniter\CodeIgniter->handleRequest(NULL, Object(Config\Cache), false)
#7 C:\xampp7\htdocs\ci4\public\index.php(37): CodeIgniter\CodeIgniter->run()
#8 {main}
CRITICAL - 2022-04-25 21:44:59 --> syntax error, unexpected '}', expecting ';'
#0 C:\xampp7\htdocs\ci4\system\Router\Router.php(175): CodeIgniter\Router\Router->autoRoute('Dashboard/prose...')
#1 C:\xampp7\htdocs\ci4\system\CodeIgniter.php(726): CodeIgniter\Router\Router->handle('Dashboard/prose...')
#2 C:\xampp7\htdocs\ci4\system\CodeIgniter.php(368): CodeIgniter\CodeIgniter->tryToRouteIt(Object(CodeIgniter\Router\RouteCollection))
#3 C:\xampp7\htdocs\ci4\system\CodeIgniter.php(326): CodeIgniter\CodeIgniter->handleRequest(NULL, Object(Config\Cache), false)
#4 C:\xampp7\htdocs\ci4\public\index.php(37): CodeIgniter\CodeIgniter->run()
#5 {main}
CRITICAL - 2022-04-25 21:45:09 --> Invalid file: ../home.php
#0 C:\xampp7\htdocs\ci4\system\View\View.php(198): CodeIgniter\Exceptions\FrameworkException::forInvalidFile('../home.php')
#1 C:\xampp7\htdocs\ci4\system\Common.php(1089): CodeIgniter\View\View->render('../home', Array, true)
#2 C:\xampp7\htdocs\ci4\app\Controllers\Dashboard.php(83): view('../home')
#3 C:\xampp7\htdocs\ci4\system\CodeIgniter.php(832): App\Controllers\Dashboard->prosesupdate()
#4 C:\xampp7\htdocs\ci4\system\CodeIgniter.php(419): CodeIgniter\CodeIgniter->runController(Object(App\Controllers\Dashboard))
#5 C:\xampp7\htdocs\ci4\system\CodeIgniter.php(326): CodeIgniter\CodeIgniter->handleRequest(NULL, Object(Config\Cache), false)
#6 C:\xampp7\htdocs\ci4\public\index.php(37): CodeIgniter\CodeIgniter->run()
#7 {main}
CRITICAL - 2022-04-25 21:56:39 --> syntax error, unexpected '}', expecting end of file
#0 C:\xampp7\htdocs\ci4\system\View\View.php(213): CodeIgniter\View\View->CodeIgniter\View\{closure}()
#1 C:\xampp7\htdocs\ci4\system\Common.php(1089): CodeIgniter\View\View->render('User/form_updat...', Array, true)
#2 C:\xampp7\htdocs\ci4\app\Controllers\Dashboard.php(92): view('User/form_updat...', Array)
#3 C:\xampp7\htdocs\ci4\system\CodeIgniter.php(832): App\Controllers\Dashboard->Ubah('2e403c6145679d6...')
#4 C:\xampp7\htdocs\ci4\system\CodeIgniter.php(419): CodeIgniter\CodeIgniter->runController(Object(App\Controllers\Dashboard))
#5 C:\xampp7\htdocs\ci4\system\CodeIgniter.php(326): CodeIgniter\CodeIgniter->handleRequest(NULL, Object(Config\Cache), false)
#6 C:\xampp7\htdocs\ci4\public\index.php(37): CodeIgniter\CodeIgniter->run()
#7 {main}
CRITICAL - 2022-04-25 21:56:46 --> Use of undefined constant User - assumed 'User' (this will throw an Error in a future version of PHP)
#0 C:\xampp7\htdocs\ci4\app\Views\User\form_update.php(84): CodeIgniter\Debug\Exceptions->errorHandler(2, 'Use of undefine...', 'C:\\xampp7\\htdoc...', 84, Array)
#1 C:\xampp7\htdocs\ci4\system\View\View.php(210): include('C:\\xampp7\\htdoc...')
#2 C:\xampp7\htdocs\ci4\system\View\View.php(213): CodeIgniter\View\View->CodeIgniter\View\{closure}()
#3 C:\xampp7\htdocs\ci4\system\Common.php(1089): CodeIgniter\View\View->render('User/form_updat...', Array, true)
#4 C:\xampp7\htdocs\ci4\app\Controllers\Dashboard.php(92): view('User/form_updat...', Array)
#5 C:\xampp7\htdocs\ci4\system\CodeIgniter.php(832): App\Controllers\Dashboard->Ubah('2e403c6145679d6...')
#6 C:\xampp7\htdocs\ci4\system\CodeIgniter.php(419): CodeIgniter\CodeIgniter->runController(Object(App\Controllers\Dashboard))
#7 C:\xampp7\htdocs\ci4\system\CodeIgniter.php(326): CodeIgniter\CodeIgniter->handleRequest(NULL, Object(Config\Cache), false)
#8 C:\xampp7\htdocs\ci4\public\index.php(37): CodeIgniter\CodeIgniter->run()
#9 {main}
CRITICAL - 2022-04-25 21:57:05 --> Use of undefined constant User - assumed 'User' (this will throw an Error in a future version of PHP)
#0 C:\xampp7\htdocs\ci4\app\Views\User\form_update.php(87): CodeIgniter\Debug\Exceptions->errorHandler(2, 'Use of undefine...', 'C:\\xampp7\\htdoc...', 87, Array)
#1 C:\xampp7\htdocs\ci4\system\View\View.php(210): include('C:\\xampp7\\htdoc...')
#2 C:\xampp7\htdocs\ci4\system\View\View.php(213): CodeIgniter\View\View->CodeIgniter\View\{closure}()
#3 C:\xampp7\htdocs\ci4\system\Common.php(1089): CodeIgniter\View\View->render('User/form_updat...', Array, true)
#4 C:\xampp7\htdocs\ci4\app\Controllers\Dashboard.php(92): view('User/form_updat...', Array)
#5 C:\xampp7\htdocs\ci4\system\CodeIgniter.php(832): App\Controllers\Dashboard->Ubah('2e403c6145679d6...')
#6 C:\xampp7\htdocs\ci4\system\CodeIgniter.php(419): CodeIgniter\CodeIgniter->runController(Object(App\Controllers\Dashboard))
#7 C:\xampp7\htdocs\ci4\system\CodeIgniter.php(326): CodeIgniter\CodeIgniter->handleRequest(NULL, Object(Config\Cache), false)
#8 C:\xampp7\htdocs\ci4\public\index.php(37): CodeIgniter\CodeIgniter->run()
#9 {main}
