ERROR - 2022-05-09 20:26:39 --> Email: sendWithMail throwed mail(): Failed to connect to mailserver at &quot;localhost&quot; port 25, verify your &quot;SMTP&quot; and &quot;smtp_port&quot; setting in php.ini or use ini_set()
ERROR - 2022-05-09 20:35:49 --> Email: sendWithMail throwed mail(): Failed to connect to mailserver at &quot;localhost&quot; port 25, verify your &quot;SMTP&quot; and &quot;smtp_port&quot; setting in php.ini or use ini_set()
ERROR - 2022-05-09 20:56:48 --> Error connecting to the database: No connection could be made because the target machine actively refused it.

CRITICAL - 2022-05-09 20:56:48 --> Unable to connect to the database.
Main connection [MySQLi]: No connection could be made because the target machine actively refused it.

#0 C:\xampp7\htdocs\ci4\system\Database\BaseConnection.php(577): CodeIgniter\Database\BaseConnection->initialize()
#1 C:\xampp7\htdocs\ci4\system\Database\BaseBuilder.php(1455): CodeIgniter\Database\BaseConnection->query('SELECT *\nFROM `...', Array, false)
#2 C:\xampp7\htdocs\ci4\app\Models\Model_User.php(16): CodeIgniter\Database\BaseBuilder->get()
#3 C:\xampp7\htdocs\ci4\app\Controllers\Dashboard.php(24): App\Models\Model_User->getdata()
#4 C:\xampp7\htdocs\ci4\system\CodeIgniter.php(832): App\Controllers\Dashboard->daftar()
#5 C:\xampp7\htdocs\ci4\system\CodeIgniter.php(419): CodeIgniter\CodeIgniter->runController(Object(App\Controllers\Dashboard))
#6 C:\xampp7\htdocs\ci4\system\CodeIgniter.php(326): CodeIgniter\CodeIgniter->handleRequest(NULL, Object(Config\Cache), false)
#7 C:\xampp7\htdocs\ci4\public\index.php(37): CodeIgniter\CodeIgniter->run()
#8 {main}
ERROR - 2022-05-09 21:58:51 --> Email: sendWithSendmail throwed fwrite(): write of 4074 bytes failed with errno=32 Broken pipe
ERROR - 2022-05-09 21:59:24 --> Email: sendWithSendmail throwed fwrite(): write of 4074 bytes failed with errno=32 Broken pipe
CRITICAL - 2022-05-09 22:25:16 --> syntax error, unexpected 'echo' (T_ECHO)
#0 C:\xampp7\htdocs\ci4\system\Router\Router.php(175): CodeIgniter\Router\Router->autoRoute('Dashboard/mail')
#1 C:\xampp7\htdocs\ci4\system\CodeIgniter.php(726): CodeIgniter\Router\Router->handle('Dashboard/mail')
#2 C:\xampp7\htdocs\ci4\system\CodeIgniter.php(368): CodeIgniter\CodeIgniter->tryToRouteIt(Object(CodeIgniter\Router\RouteCollection))
#3 C:\xampp7\htdocs\ci4\system\CodeIgniter.php(326): CodeIgniter\CodeIgniter->handleRequest(NULL, Object(Config\Cache), false)
#4 C:\xampp7\htdocs\ci4\public\index.php(37): CodeIgniter\CodeIgniter->run()
#5 {main}
CRITICAL - 2022-05-09 22:41:28 --> syntax error, unexpected ''); ?>" alt="gks">' (T_CONSTANT_ENCAPSED_STRING)
#0 C:\xampp7\htdocs\ci4\system\Router\Router.php(175): CodeIgniter\Router\Router->autoRoute('Dashboard/mail')
#1 C:\xampp7\htdocs\ci4\system\CodeIgniter.php(726): CodeIgniter\Router\Router->handle('Dashboard/mail')
#2 C:\xampp7\htdocs\ci4\system\CodeIgniter.php(368): CodeIgniter\CodeIgniter->tryToRouteIt(Object(CodeIgniter\Router\RouteCollection))
#3 C:\xampp7\htdocs\ci4\system\CodeIgniter.php(326): CodeIgniter\CodeIgniter->handleRequest(NULL, Object(Config\Cache), false)
#4 C:\xampp7\htdocs\ci4\public\index.php(37): CodeIgniter\CodeIgniter->run()
#5 {main}
CRITICAL - 2022-05-09 22:41:50 --> syntax error, unexpected '') ?>" alt="gks">' (T_CONSTANT_ENCAPSED_STRING)
#0 C:\xampp7\htdocs\ci4\system\Router\Router.php(175): CodeIgniter\Router\Router->autoRoute('Dashboard/mail')
#1 C:\xampp7\htdocs\ci4\system\CodeIgniter.php(726): CodeIgniter\Router\Router->handle('Dashboard/mail')
#2 C:\xampp7\htdocs\ci4\system\CodeIgniter.php(368): CodeIgniter\CodeIgniter->tryToRouteIt(Object(CodeIgniter\Router\RouteCollection))
#3 C:\xampp7\htdocs\ci4\system\CodeIgniter.php(326): CodeIgniter\CodeIgniter->handleRequest(NULL, Object(Config\Cache), false)
#4 C:\xampp7\htdocs\ci4\public\index.php(37): CodeIgniter\CodeIgniter->run()
#5 {main}
CRITICAL - 2022-05-09 22:42:34 --> syntax error, unexpected '') ?>" alt="gks">' (T_CONSTANT_ENCAPSED_STRING)
#0 C:\xampp7\htdocs\ci4\system\Router\Router.php(175): CodeIgniter\Router\Router->autoRoute('Dashboard/dafta...')
#1 C:\xampp7\htdocs\ci4\system\CodeIgniter.php(726): CodeIgniter\Router\Router->handle('Dashboard/dafta...')
#2 C:\xampp7\htdocs\ci4\system\CodeIgniter.php(368): CodeIgniter\CodeIgniter->tryToRouteIt(Object(CodeIgniter\Router\RouteCollection))
#3 C:\xampp7\htdocs\ci4\system\CodeIgniter.php(326): CodeIgniter\CodeIgniter->handleRequest(NULL, Object(Config\Cache), false)
#4 C:\xampp7\htdocs\ci4\public\index.php(37): CodeIgniter\CodeIgniter->run()
#5 {main}
CRITICAL - 2022-05-09 22:42:35 --> syntax error, unexpected '') ?>" alt="gks">' (T_CONSTANT_ENCAPSED_STRING)
#0 C:\xampp7\htdocs\ci4\system\Router\Router.php(175): CodeIgniter\Router\Router->autoRoute('Dashboard/index')
#1 C:\xampp7\htdocs\ci4\system\CodeIgniter.php(726): CodeIgniter\Router\Router->handle('Dashboard/index')
#2 C:\xampp7\htdocs\ci4\system\CodeIgniter.php(368): CodeIgniter\CodeIgniter->tryToRouteIt(Object(CodeIgniter\Router\RouteCollection))
#3 C:\xampp7\htdocs\ci4\system\CodeIgniter.php(326): CodeIgniter\CodeIgniter->handleRequest(NULL, Object(Config\Cache), false)
#4 C:\xampp7\htdocs\ci4\public\index.php(37): CodeIgniter\CodeIgniter->run()
#5 {main}
CRITICAL - 2022-05-09 22:42:42 --> syntax error, unexpected '') ?>" alt="gks">' (T_CONSTANT_ENCAPSED_STRING)
#0 C:\xampp7\htdocs\ci4\system\Router\Router.php(175): CodeIgniter\Router\Router->autoRoute('Dashboard/index')
#1 C:\xampp7\htdocs\ci4\system\CodeIgniter.php(726): CodeIgniter\Router\Router->handle('Dashboard/index')
#2 C:\xampp7\htdocs\ci4\system\CodeIgniter.php(368): CodeIgniter\CodeIgniter->tryToRouteIt(Object(CodeIgniter\Router\RouteCollection))
#3 C:\xampp7\htdocs\ci4\system\CodeIgniter.php(326): CodeIgniter\CodeIgniter->handleRequest(NULL, Object(Config\Cache), false)
#4 C:\xampp7\htdocs\ci4\public\index.php(37): CodeIgniter\CodeIgniter->run()
#5 {main}
