CRITICAL - 2022-03-28 20:23:20 --> syntax error, unexpected end of file
#0 C:\xampp7\htdocs\ci4\system\View\View.php(213): CodeIgniter\View\View->CodeIgniter\View\{closure}()
#1 C:\xampp7\htdocs\ci4\system\Common.php(1089): CodeIgniter\View\View->render('User/form_updat...', Array, true)
#2 C:\xampp7\htdocs\ci4\app\Controllers\Dashboard.php(58): view('User/form_updat...')
#3 C:\xampp7\htdocs\ci4\system\CodeIgniter.php(832): App\Controllers\Dashboard->Ubah('b282f73092df76a...')
#4 C:\xampp7\htdocs\ci4\system\CodeIgniter.php(419): CodeIgniter\CodeIgniter->runController(Object(App\Controllers\Dashboard))
#5 C:\xampp7\htdocs\ci4\system\CodeIgniter.php(326): CodeIgniter\CodeIgniter->handleRequest(NULL, Object(Config\Cache), false)
#6 C:\xampp7\htdocs\ci4\public\index.php(37): CodeIgniter\CodeIgniter->run()
#7 {main}
CRITICAL - 2022-03-28 20:24:05 --> Undefined variable: user
#0 C:\xampp7\htdocs\ci4\app\Views\User\form_update.php(63): CodeIgniter\Debug\Exceptions->errorHandler(8, 'Undefined varia...', 'C:\\xampp7\\htdoc...', 63, Array)
#1 C:\xampp7\htdocs\ci4\system\View\View.php(210): include('C:\\xampp7\\htdoc...')
#2 C:\xampp7\htdocs\ci4\system\View\View.php(213): CodeIgniter\View\View->CodeIgniter\View\{closure}()
#3 C:\xampp7\htdocs\ci4\system\Common.php(1089): CodeIgniter\View\View->render('User/form_updat...', Array, true)
#4 C:\xampp7\htdocs\ci4\app\Controllers\Dashboard.php(58): view('User/form_updat...')
#5 C:\xampp7\htdocs\ci4\system\CodeIgniter.php(832): App\Controllers\Dashboard->Ubah('b282f73092df76a...')
#6 C:\xampp7\htdocs\ci4\system\CodeIgniter.php(419): CodeIgniter\CodeIgniter->runController(Object(App\Controllers\Dashboard))
#7 C:\xampp7\htdocs\ci4\system\CodeIgniter.php(326): CodeIgniter\CodeIgniter->handleRequest(NULL, Object(Config\Cache), false)
#8 C:\xampp7\htdocs\ci4\public\index.php(37): CodeIgniter\CodeIgniter->run()
#9 {main}
CRITICAL - 2022-03-28 20:44:31 --> Too few arguments to function App\Controllers\Dashboard::Ubah(), 0 passed in C:\xampp7\htdocs\ci4\system\CodeIgniter.php on line 832 and exactly 1 expected
#0 C:\xampp7\htdocs\ci4\system\CodeIgniter.php(832): App\Controllers\Dashboard->Ubah()
#1 C:\xampp7\htdocs\ci4\system\CodeIgniter.php(419): CodeIgniter\CodeIgniter->runController(Object(App\Controllers\Dashboard))
#2 C:\xampp7\htdocs\ci4\system\CodeIgniter.php(326): CodeIgniter\CodeIgniter->handleRequest(NULL, Object(Config\Cache), false)
#3 C:\xampp7\htdocs\ci4\public\index.php(37): CodeIgniter\CodeIgniter->run()
#4 {main}
CRITICAL - 2022-03-28 21:01:56 --> syntax error, unexpected '?>'
#0 C:\xampp7\htdocs\ci4\system\View\View.php(213): CodeIgniter\View\View->CodeIgniter\View\{closure}()
#1 C:\xampp7\htdocs\ci4\system\Common.php(1089): CodeIgniter\View\View->render('Dashboard/dafta...', Array, true)
#2 C:\xampp7\htdocs\ci4\app\Controllers\Dashboard.php(18): view('Dashboard/dafta...', Array)
#3 C:\xampp7\htdocs\ci4\system\CodeIgniter.php(832): App\Controllers\Dashboard->daftar()
#4 C:\xampp7\htdocs\ci4\system\CodeIgniter.php(419): CodeIgniter\CodeIgniter->runController(Object(App\Controllers\Dashboard))
#5 C:\xampp7\htdocs\ci4\system\CodeIgniter.php(326): CodeIgniter\CodeIgniter->handleRequest(NULL, Object(Config\Cache), false)
#6 C:\xampp7\htdocs\ci4\public\index.php(37): CodeIgniter\CodeIgniter->run()
#7 {main}
CRITICAL - 2022-03-28 21:17:47 --> Argument 2 passed to CodeIgniter\Database\BaseBuilder::like() must be of the type string, array given, called in C:\xampp7\htdocs\ci4\app\Models\Model_User.php on line 19
#0 C:\xampp7\htdocs\ci4\app\Models\Model_User.php(19): CodeIgniter\Database\BaseBuilder->like('nama_lengkap', Array)
#1 C:\xampp7\htdocs\ci4\app\Controllers\Dashboard.php(66): App\Models\Model_User->search(Array)
#2 C:\xampp7\htdocs\ci4\system\CodeIgniter.php(832): App\Controllers\Dashboard->sch()
#3 C:\xampp7\htdocs\ci4\system\CodeIgniter.php(419): CodeIgniter\CodeIgniter->runController(Object(App\Controllers\Dashboard))
#4 C:\xampp7\htdocs\ci4\system\CodeIgniter.php(326): CodeIgniter\CodeIgniter->handleRequest(NULL, Object(Config\Cache), false)
#5 C:\xampp7\htdocs\ci4\public\index.php(37): CodeIgniter\CodeIgniter->run()
#6 {main}
CRITICAL - 2022-03-28 21:18:38 --> Argument 2 passed to CodeIgniter\Database\BaseBuilder::like() must be of the type string, array given, called in C:\xampp7\htdocs\ci4\app\Models\Model_User.php on line 19
#0 C:\xampp7\htdocs\ci4\app\Models\Model_User.php(19): CodeIgniter\Database\BaseBuilder->like('nama_lengkap', Array)
#1 C:\xampp7\htdocs\ci4\app\Controllers\Dashboard.php(66): App\Models\Model_User->search(Array)
#2 C:\xampp7\htdocs\ci4\system\CodeIgniter.php(832): App\Controllers\Dashboard->sch()
#3 C:\xampp7\htdocs\ci4\system\CodeIgniter.php(419): CodeIgniter\CodeIgniter->runController(Object(App\Controllers\Dashboard))
#4 C:\xampp7\htdocs\ci4\system\CodeIgniter.php(326): CodeIgniter\CodeIgniter->handleRequest(NULL, Object(Config\Cache), false)
#5 C:\xampp7\htdocs\ci4\public\index.php(37): CodeIgniter\CodeIgniter->run()
#6 {main}
CRITICAL - 2022-03-28 21:19:31 --> Argument 2 passed to CodeIgniter\Database\BaseBuilder::like() must be of the type string, array given, called in C:\xampp7\htdocs\ci4\app\Models\Model_User.php on line 19
#0 C:\xampp7\htdocs\ci4\app\Models\Model_User.php(19): CodeIgniter\Database\BaseBuilder->like('nama_lengkap', Array)
#1 C:\xampp7\htdocs\ci4\app\Controllers\Dashboard.php(66): App\Models\Model_User->search(Array)
#2 C:\xampp7\htdocs\ci4\system\CodeIgniter.php(832): App\Controllers\Dashboard->sch()
#3 C:\xampp7\htdocs\ci4\system\CodeIgniter.php(419): CodeIgniter\CodeIgniter->runController(Object(App\Controllers\Dashboard))
#4 C:\xampp7\htdocs\ci4\system\CodeIgniter.php(326): CodeIgniter\CodeIgniter->handleRequest(NULL, Object(Config\Cache), false)
#5 C:\xampp7\htdocs\ci4\public\index.php(37): CodeIgniter\CodeIgniter->run()
#6 {main}
CRITICAL - 2022-03-28 21:34:13 --> You must set the database table to be used with your query.
#0 C:\xampp7\htdocs\ci4\system\Model.php(545): CodeIgniter\Database\BaseConnection->table(NULL)
#1 C:\xampp7\htdocs\ci4\system\Model.php(722): CodeIgniter\Model->builder()
#2 C:\xampp7\htdocs\ci4\app\Controllers\Dashboard.php(19): CodeIgniter\Model->__call('like', Array)
#3 C:\xampp7\htdocs\ci4\system\CodeIgniter.php(832): App\Controllers\Dashboard->daftar()
#4 C:\xampp7\htdocs\ci4\system\CodeIgniter.php(419): CodeIgniter\CodeIgniter->runController(Object(App\Controllers\Dashboard))
#5 C:\xampp7\htdocs\ci4\system\CodeIgniter.php(326): CodeIgniter\CodeIgniter->handleRequest(NULL, Object(Config\Cache), false)
#6 C:\xampp7\htdocs\ci4\public\index.php(37): CodeIgniter\CodeIgniter->run()
#7 {main}
CRITICAL - 2022-03-28 21:35:10 --> You must set the database table to be used with your query.
#0 C:\xampp7\htdocs\ci4\system\Model.php(545): CodeIgniter\Database\BaseConnection->table(NULL)
#1 C:\xampp7\htdocs\ci4\system\Model.php(722): CodeIgniter\Model->builder()
#2 C:\xampp7\htdocs\ci4\app\Controllers\Dashboard.php(19): CodeIgniter\Model->__call('like', Array)
#3 C:\xampp7\htdocs\ci4\system\CodeIgniter.php(832): App\Controllers\Dashboard->daftar()
#4 C:\xampp7\htdocs\ci4\system\CodeIgniter.php(419): CodeIgniter\CodeIgniter->runController(Object(App\Controllers\Dashboard))
#5 C:\xampp7\htdocs\ci4\system\CodeIgniter.php(326): CodeIgniter\CodeIgniter->handleRequest(NULL, Object(Config\Cache), false)
#6 C:\xampp7\htdocs\ci4\public\index.php(37): CodeIgniter\CodeIgniter->run()
#7 {main}
CRITICAL - 2022-03-28 21:38:49 --> You must set the database table to be used with your query.
#0 C:\xampp7\htdocs\ci4\system\Model.php(545): CodeIgniter\Database\BaseConnection->table(NULL)
#1 C:\xampp7\htdocs\ci4\system\Model.php(722): CodeIgniter\Model->builder()
#2 C:\xampp7\htdocs\ci4\app\Controllers\Dashboard.php(19): CodeIgniter\Model->__call('like', Array)
#3 C:\xampp7\htdocs\ci4\system\CodeIgniter.php(832): App\Controllers\Dashboard->daftar()
#4 C:\xampp7\htdocs\ci4\system\CodeIgniter.php(419): CodeIgniter\CodeIgniter->runController(Object(App\Controllers\Dashboard))
#5 C:\xampp7\htdocs\ci4\system\CodeIgniter.php(326): CodeIgniter\CodeIgniter->handleRequest(NULL, Object(Config\Cache), false)
#6 C:\xampp7\htdocs\ci4\public\index.php(37): CodeIgniter\CodeIgniter->run()
#7 {main}
CRITICAL - 2022-03-28 21:39:42 --> Call to undefined method CodeIgniter\Database\MySQLi\Result::like()
#0 C:\xampp7\htdocs\ci4\app\Controllers\Dashboard.php(19): App\Models\Model_User->search('nama_lengkap', 'hnd')
#1 C:\xampp7\htdocs\ci4\system\CodeIgniter.php(832): App\Controllers\Dashboard->daftar()
#2 C:\xampp7\htdocs\ci4\system\CodeIgniter.php(419): CodeIgniter\CodeIgniter->runController(Object(App\Controllers\Dashboard))
#3 C:\xampp7\htdocs\ci4\system\CodeIgniter.php(326): CodeIgniter\CodeIgniter->handleRequest(NULL, Object(Config\Cache), false)
#4 C:\xampp7\htdocs\ci4\public\index.php(37): CodeIgniter\CodeIgniter->run()
#5 {main}
CRITICAL - 2022-03-28 21:40:02 --> Call to a member function getdata() on array
#0 C:\xampp7\htdocs\ci4\system\CodeIgniter.php(832): App\Controllers\Dashboard->daftar()
#1 C:\xampp7\htdocs\ci4\system\CodeIgniter.php(419): CodeIgniter\CodeIgniter->runController(Object(App\Controllers\Dashboard))
#2 C:\xampp7\htdocs\ci4\system\CodeIgniter.php(326): CodeIgniter\CodeIgniter->handleRequest(NULL, Object(Config\Cache), false)
#3 C:\xampp7\htdocs\ci4\public\index.php(37): CodeIgniter\CodeIgniter->run()
#4 {main}
CRITICAL - 2022-03-28 21:40:04 --> Call to a member function getdata() on array
#0 C:\xampp7\htdocs\ci4\system\CodeIgniter.php(832): App\Controllers\Dashboard->daftar()
#1 C:\xampp7\htdocs\ci4\system\CodeIgniter.php(419): CodeIgniter\CodeIgniter->runController(Object(App\Controllers\Dashboard))
#2 C:\xampp7\htdocs\ci4\system\CodeIgniter.php(326): CodeIgniter\CodeIgniter->handleRequest(NULL, Object(Config\Cache), false)
#3 C:\xampp7\htdocs\ci4\public\index.php(37): CodeIgniter\CodeIgniter->run()
#4 {main}
ERROR - 2022-03-28 21:42:21 --> Unknown column 'hnd' in 'where clause'
CRITICAL - 2022-03-28 21:42:21 --> Unknown column 'hnd' in 'where clause'
#0 C:\xampp7\htdocs\ci4\system\Database\MySQLi\Connection.php(292): mysqli->query('SELECT *\nFROM `...', 0)
#1 C:\xampp7\htdocs\ci4\system\Database\BaseConnection.php(670): CodeIgniter\Database\MySQLi\Connection->execute('SELECT *\nFROM `...')
#2 C:\xampp7\htdocs\ci4\system\Database\BaseConnection.php(598): CodeIgniter\Database\BaseConnection->simpleQuery('SELECT *\nFROM `...')
#3 C:\xampp7\htdocs\ci4\system\Database\BaseBuilder.php(1588): CodeIgniter\Database\BaseConnection->query('SELECT *\nFROM `...', Array, false)
#4 C:\xampp7\htdocs\ci4\app\Models\Model_User.php(15): CodeIgniter\Database\BaseBuilder->getWhere('hnd')
#5 C:\xampp7\htdocs\ci4\app\Controllers\Dashboard.php(19): App\Models\Model_User->getdata('hnd')
#6 C:\xampp7\htdocs\ci4\system\CodeIgniter.php(832): App\Controllers\Dashboard->daftar()
#7 C:\xampp7\htdocs\ci4\system\CodeIgniter.php(419): CodeIgniter\CodeIgniter->runController(Object(App\Controllers\Dashboard))
#8 C:\xampp7\htdocs\ci4\system\CodeIgniter.php(326): CodeIgniter\CodeIgniter->handleRequest(NULL, Object(Config\Cache), false)
#9 C:\xampp7\htdocs\ci4\public\index.php(37): CodeIgniter\CodeIgniter->run()
#10 {main}
ERROR - 2022-03-28 21:42:26 --> Unknown column 'hnd' in 'where clause'
CRITICAL - 2022-03-28 21:42:26 --> Unknown column 'hnd' in 'where clause'
#0 C:\xampp7\htdocs\ci4\system\Database\MySQLi\Connection.php(292): mysqli->query('SELECT *\nFROM `...', 0)
#1 C:\xampp7\htdocs\ci4\system\Database\BaseConnection.php(670): CodeIgniter\Database\MySQLi\Connection->execute('SELECT *\nFROM `...')
#2 C:\xampp7\htdocs\ci4\system\Database\BaseConnection.php(598): CodeIgniter\Database\BaseConnection->simpleQuery('SELECT *\nFROM `...')
#3 C:\xampp7\htdocs\ci4\system\Database\BaseBuilder.php(1588): CodeIgniter\Database\BaseConnection->query('SELECT *\nFROM `...', Array, false)
#4 C:\xampp7\htdocs\ci4\app\Models\Model_User.php(15): CodeIgniter\Database\BaseBuilder->getWhere('hnd')
#5 C:\xampp7\htdocs\ci4\app\Controllers\Dashboard.php(19): App\Models\Model_User->getdata('hnd')
#6 C:\xampp7\htdocs\ci4\system\CodeIgniter.php(832): App\Controllers\Dashboard->daftar()
#7 C:\xampp7\htdocs\ci4\system\CodeIgniter.php(419): CodeIgniter\CodeIgniter->runController(Object(App\Controllers\Dashboard))
#8 C:\xampp7\htdocs\ci4\system\CodeIgniter.php(326): CodeIgniter\CodeIgniter->handleRequest(NULL, Object(Config\Cache), false)
#9 C:\xampp7\htdocs\ci4\public\index.php(37): CodeIgniter\CodeIgniter->run()
#10 {main}
CRITICAL - 2022-03-28 21:54:21 --> Too few arguments to function App\Controllers\Dashboard::daftar(), 0 passed in C:\xampp7\htdocs\ci4\system\CodeIgniter.php on line 832 and exactly 2 expected
#0 C:\xampp7\htdocs\ci4\system\CodeIgniter.php(832): App\Controllers\Dashboard->daftar()
#1 C:\xampp7\htdocs\ci4\system\CodeIgniter.php(419): CodeIgniter\CodeIgniter->runController(Object(App\Controllers\Dashboard))
#2 C:\xampp7\htdocs\ci4\system\CodeIgniter.php(326): CodeIgniter\CodeIgniter->handleRequest(NULL, Object(Config\Cache), false)
#3 C:\xampp7\htdocs\ci4\public\index.php(37): CodeIgniter\CodeIgniter->run()
#4 {main}
CRITICAL - 2022-03-28 21:54:27 --> Too few arguments to function App\Controllers\Dashboard::daftar(), 0 passed in C:\xampp7\htdocs\ci4\system\CodeIgniter.php on line 832 and exactly 2 expected
#0 C:\xampp7\htdocs\ci4\system\CodeIgniter.php(832): App\Controllers\Dashboard->daftar()
#1 C:\xampp7\htdocs\ci4\system\CodeIgniter.php(419): CodeIgniter\CodeIgniter->runController(Object(App\Controllers\Dashboard))
#2 C:\xampp7\htdocs\ci4\system\CodeIgniter.php(326): CodeIgniter\CodeIgniter->handleRequest(NULL, Object(Config\Cache), false)
#3 C:\xampp7\htdocs\ci4\public\index.php(37): CodeIgniter\CodeIgniter->run()
#4 {main}
CRITICAL - 2022-03-28 21:55:03 --> Too few arguments to function App\Controllers\Dashboard::daftar(), 0 passed in C:\xampp7\htdocs\ci4\system\CodeIgniter.php on line 832 and exactly 1 expected
#0 C:\xampp7\htdocs\ci4\system\CodeIgniter.php(832): App\Controllers\Dashboard->daftar()
#1 C:\xampp7\htdocs\ci4\system\CodeIgniter.php(419): CodeIgniter\CodeIgniter->runController(Object(App\Controllers\Dashboard))
#2 C:\xampp7\htdocs\ci4\system\CodeIgniter.php(326): CodeIgniter\CodeIgniter->handleRequest(NULL, Object(Config\Cache), false)
#3 C:\xampp7\htdocs\ci4\public\index.php(37): CodeIgniter\CodeIgniter->run()
#4 {main}
CRITICAL - 2022-03-28 21:55:27 --> Too few arguments to function App\Controllers\Dashboard::daftar(), 0 passed in C:\xampp7\htdocs\ci4\system\CodeIgniter.php on line 832 and exactly 2 expected
#0 C:\xampp7\htdocs\ci4\system\CodeIgniter.php(832): App\Controllers\Dashboard->daftar()
#1 C:\xampp7\htdocs\ci4\system\CodeIgniter.php(419): CodeIgniter\CodeIgniter->runController(Object(App\Controllers\Dashboard))
#2 C:\xampp7\htdocs\ci4\system\CodeIgniter.php(326): CodeIgniter\CodeIgniter->handleRequest(NULL, Object(Config\Cache), false)
#3 C:\xampp7\htdocs\ci4\public\index.php(37): CodeIgniter\CodeIgniter->run()
#4 {main}
CRITICAL - 2022-03-28 22:07:49 --> You must set the database table to be used with your query.
#0 C:\xampp7\htdocs\ci4\system\Model.php(545): CodeIgniter\Database\BaseConnection->table(NULL)
#1 C:\xampp7\htdocs\ci4\system\Model.php(722): CodeIgniter\Model->builder()
#2 C:\xampp7\htdocs\ci4\app\Controllers\Dashboard.php(21): CodeIgniter\Model->__call('sch', Array)
#3 C:\xampp7\htdocs\ci4\system\CodeIgniter.php(832): App\Controllers\Dashboard->daftar()
#4 C:\xampp7\htdocs\ci4\system\CodeIgniter.php(419): CodeIgniter\CodeIgniter->runController(Object(App\Controllers\Dashboard))
#5 C:\xampp7\htdocs\ci4\system\CodeIgniter.php(326): CodeIgniter\CodeIgniter->handleRequest(NULL, Object(Config\Cache), false)
#6 C:\xampp7\htdocs\ci4\public\index.php(37): CodeIgniter\CodeIgniter->run()
#7 {main}
CRITICAL - 2022-03-28 22:12:26 --> Invalid file: User/daftar.php
#0 C:\xampp7\htdocs\ci4\system\View\View.php(198): CodeIgniter\Exceptions\FrameworkException::forInvalidFile('User/daftar.php')
#1 C:\xampp7\htdocs\ci4\system\Common.php(1089): CodeIgniter\View\View->render('User/daftar', Array, true)
#2 C:\xampp7\htdocs\ci4\app\Controllers\Dashboard.php(65): view('User/daftar', Array)
#3 C:\xampp7\htdocs\ci4\system\CodeIgniter.php(832): App\Controllers\Dashboard->sch()
#4 C:\xampp7\htdocs\ci4\system\CodeIgniter.php(419): CodeIgniter\CodeIgniter->runController(Object(App\Controllers\Dashboard))
#5 C:\xampp7\htdocs\ci4\system\CodeIgniter.php(326): CodeIgniter\CodeIgniter->handleRequest(NULL, Object(Config\Cache), false)
#6 C:\xampp7\htdocs\ci4\public\index.php(37): CodeIgniter\CodeIgniter->run()
#7 {main}
CRITICAL - 2022-03-28 22:27:33 --> Invalid argument supplied for foreach()
#0 C:\xampp7\htdocs\ci4\app\Views\Dashboard\daftar.php(85): CodeIgniter\Debug\Exceptions->errorHandler(2, 'Invalid argumen...', 'C:\\xampp7\\htdoc...', 85, Array)
#1 C:\xampp7\htdocs\ci4\system\View\View.php(210): include('C:\\xampp7\\htdoc...')
#2 C:\xampp7\htdocs\ci4\system\View\View.php(213): CodeIgniter\View\View->CodeIgniter\View\{closure}()
#3 C:\xampp7\htdocs\ci4\system\Common.php(1089): CodeIgniter\View\View->render('Dashboard/dafta...', Array, true)
#4 C:\xampp7\htdocs\ci4\app\Controllers\Dashboard.php(21): view('Dashboard/dafta...', Array)
#5 C:\xampp7\htdocs\ci4\system\CodeIgniter.php(832): App\Controllers\Dashboard->daftar()
#6 C:\xampp7\htdocs\ci4\system\CodeIgniter.php(419): CodeIgniter\CodeIgniter->runController(Object(App\Controllers\Dashboard))
#7 C:\xampp7\htdocs\ci4\system\CodeIgniter.php(326): CodeIgniter\CodeIgniter->handleRequest(NULL, Object(Config\Cache), false)
#8 C:\xampp7\htdocs\ci4\public\index.php(37): CodeIgniter\CodeIgniter->run()
#9 {main}
CRITICAL - 2022-03-28 22:27:59 --> Invalid argument supplied for foreach()
#0 C:\xampp7\htdocs\ci4\app\Views\Dashboard\daftar.php(85): CodeIgniter\Debug\Exceptions->errorHandler(2, 'Invalid argumen...', 'C:\\xampp7\\htdoc...', 85, Array)
#1 C:\xampp7\htdocs\ci4\system\View\View.php(210): include('C:\\xampp7\\htdoc...')
#2 C:\xampp7\htdocs\ci4\system\View\View.php(213): CodeIgniter\View\View->CodeIgniter\View\{closure}()
#3 C:\xampp7\htdocs\ci4\system\Common.php(1089): CodeIgniter\View\View->render('Dashboard/dafta...', Array, true)
#4 C:\xampp7\htdocs\ci4\app\Controllers\Dashboard.php(25): view('Dashboard/dafta...', Array)
#5 C:\xampp7\htdocs\ci4\system\CodeIgniter.php(832): App\Controllers\Dashboard->daftar()
#6 C:\xampp7\htdocs\ci4\system\CodeIgniter.php(419): CodeIgniter\CodeIgniter->runController(Object(App\Controllers\Dashboard))
#7 C:\xampp7\htdocs\ci4\system\CodeIgniter.php(326): CodeIgniter\CodeIgniter->handleRequest(NULL, Object(Config\Cache), false)
#8 C:\xampp7\htdocs\ci4\public\index.php(37): CodeIgniter\CodeIgniter->run()
#9 {main}
CRITICAL - 2022-03-28 22:30:46 --> syntax error, unexpected '}', expecting ';'
#0 C:\xampp7\htdocs\ci4\system\Autoloader\Autoloader.php(241): CodeIgniter\Autoloader\Autoloader->includeFile('C:\\xampp7\\htdoc...')
#1 C:\xampp7\htdocs\ci4\system\Autoloader\Autoloader.php(219): CodeIgniter\Autoloader\Autoloader->loadInNamespace('App\\Models\\Mode...')
#2 [internal function]: CodeIgniter\Autoloader\Autoloader->loadClass('App\\Models\\Mode...')
#3 C:\xampp7\htdocs\ci4\app\Controllers\Dashboard.php(17): spl_autoload_call('App\\Models\\Mode...')
#4 C:\xampp7\htdocs\ci4\system\CodeIgniter.php(832): App\Controllers\Dashboard->daftar()
#5 C:\xampp7\htdocs\ci4\system\CodeIgniter.php(419): CodeIgniter\CodeIgniter->runController(Object(App\Controllers\Dashboard))
#6 C:\xampp7\htdocs\ci4\system\CodeIgniter.php(326): CodeIgniter\CodeIgniter->handleRequest(NULL, Object(Config\Cache), false)
#7 C:\xampp7\htdocs\ci4\public\index.php(37): CodeIgniter\CodeIgniter->run()
#8 {main}
CRITICAL - 2022-03-28 22:31:09 --> Invalid argument supplied for foreach()
#0 C:\xampp7\htdocs\ci4\app\Views\Dashboard\daftar.php(85): CodeIgniter\Debug\Exceptions->errorHandler(2, 'Invalid argumen...', 'C:\\xampp7\\htdoc...', 85, Array)
#1 C:\xampp7\htdocs\ci4\system\View\View.php(210): include('C:\\xampp7\\htdoc...')
#2 C:\xampp7\htdocs\ci4\system\View\View.php(213): CodeIgniter\View\View->CodeIgniter\View\{closure}()
#3 C:\xampp7\htdocs\ci4\system\Common.php(1089): CodeIgniter\View\View->render('Dashboard/dafta...', Array, true)
#4 C:\xampp7\htdocs\ci4\app\Controllers\Dashboard.php(21): view('Dashboard/dafta...', Array)
#5 C:\xampp7\htdocs\ci4\system\CodeIgniter.php(832): App\Controllers\Dashboard->daftar()
#6 C:\xampp7\htdocs\ci4\system\CodeIgniter.php(419): CodeIgniter\CodeIgniter->runController(Object(App\Controllers\Dashboard))
#7 C:\xampp7\htdocs\ci4\system\CodeIgniter.php(326): CodeIgniter\CodeIgniter->handleRequest(NULL, Object(Config\Cache), false)
#8 C:\xampp7\htdocs\ci4\public\index.php(37): CodeIgniter\CodeIgniter->run()
#9 {main}
CRITICAL - 2022-03-28 22:31:11 --> Invalid argument supplied for foreach()
#0 C:\xampp7\htdocs\ci4\app\Views\Dashboard\daftar.php(85): CodeIgniter\Debug\Exceptions->errorHandler(2, 'Invalid argumen...', 'C:\\xampp7\\htdoc...', 85, Array)
#1 C:\xampp7\htdocs\ci4\system\View\View.php(210): include('C:\\xampp7\\htdoc...')
#2 C:\xampp7\htdocs\ci4\system\View\View.php(213): CodeIgniter\View\View->CodeIgniter\View\{closure}()
#3 C:\xampp7\htdocs\ci4\system\Common.php(1089): CodeIgniter\View\View->render('Dashboard/dafta...', Array, true)
#4 C:\xampp7\htdocs\ci4\app\Controllers\Dashboard.php(21): view('Dashboard/dafta...', Array)
#5 C:\xampp7\htdocs\ci4\system\CodeIgniter.php(832): App\Controllers\Dashboard->daftar()
#6 C:\xampp7\htdocs\ci4\system\CodeIgniter.php(419): CodeIgniter\CodeIgniter->runController(Object(App\Controllers\Dashboard))
#7 C:\xampp7\htdocs\ci4\system\CodeIgniter.php(326): CodeIgniter\CodeIgniter->handleRequest(NULL, Object(Config\Cache), false)
#8 C:\xampp7\htdocs\ci4\public\index.php(37): CodeIgniter\CodeIgniter->run()
#9 {main}
CRITICAL - 2022-03-28 22:32:17 --> Invalid argument supplied for foreach()
#0 C:\xampp7\htdocs\ci4\app\Views\Dashboard\daftar.php(85): CodeIgniter\Debug\Exceptions->errorHandler(2, 'Invalid argumen...', 'C:\\xampp7\\htdoc...', 85, Array)
#1 C:\xampp7\htdocs\ci4\system\View\View.php(210): include('C:\\xampp7\\htdoc...')
#2 C:\xampp7\htdocs\ci4\system\View\View.php(213): CodeIgniter\View\View->CodeIgniter\View\{closure}()
#3 C:\xampp7\htdocs\ci4\system\Common.php(1089): CodeIgniter\View\View->render('Dashboard/dafta...', Array, true)
#4 C:\xampp7\htdocs\ci4\app\Controllers\Dashboard.php(21): view('Dashboard/dafta...', Array)
#5 C:\xampp7\htdocs\ci4\system\CodeIgniter.php(832): App\Controllers\Dashboard->daftar()
#6 C:\xampp7\htdocs\ci4\system\CodeIgniter.php(419): CodeIgniter\CodeIgniter->runController(Object(App\Controllers\Dashboard))
#7 C:\xampp7\htdocs\ci4\system\CodeIgniter.php(326): CodeIgniter\CodeIgniter->handleRequest(NULL, Object(Config\Cache), false)
#8 C:\xampp7\htdocs\ci4\public\index.php(37): CodeIgniter\CodeIgniter->run()
#9 {main}
CRITICAL - 2022-03-28 22:32:33 --> Invalid argument supplied for foreach()
#0 C:\xampp7\htdocs\ci4\app\Views\Dashboard\daftar.php(85): CodeIgniter\Debug\Exceptions->errorHandler(2, 'Invalid argumen...', 'C:\\xampp7\\htdoc...', 85, Array)
#1 C:\xampp7\htdocs\ci4\system\View\View.php(210): include('C:\\xampp7\\htdoc...')
#2 C:\xampp7\htdocs\ci4\system\View\View.php(213): CodeIgniter\View\View->CodeIgniter\View\{closure}()
#3 C:\xampp7\htdocs\ci4\system\Common.php(1089): CodeIgniter\View\View->render('Dashboard/dafta...', Array, true)
#4 C:\xampp7\htdocs\ci4\app\Controllers\Dashboard.php(21): view('Dashboard/dafta...', Array)
#5 C:\xampp7\htdocs\ci4\system\CodeIgniter.php(832): App\Controllers\Dashboard->daftar()
#6 C:\xampp7\htdocs\ci4\system\CodeIgniter.php(419): CodeIgniter\CodeIgniter->runController(Object(App\Controllers\Dashboard))
#7 C:\xampp7\htdocs\ci4\system\CodeIgniter.php(326): CodeIgniter\CodeIgniter->handleRequest(NULL, Object(Config\Cache), false)
#8 C:\xampp7\htdocs\ci4\public\index.php(37): CodeIgniter\CodeIgniter->run()
#9 {main}
CRITICAL - 2022-03-28 22:34:19 --> Invalid argument supplied for foreach()
#0 C:\xampp7\htdocs\ci4\app\Views\Dashboard\daftar.php(85): CodeIgniter\Debug\Exceptions->errorHandler(2, 'Invalid argumen...', 'C:\\xampp7\\htdoc...', 85, Array)
#1 C:\xampp7\htdocs\ci4\system\View\View.php(210): include('C:\\xampp7\\htdoc...')
#2 C:\xampp7\htdocs\ci4\system\View\View.php(213): CodeIgniter\View\View->CodeIgniter\View\{closure}()
#3 C:\xampp7\htdocs\ci4\system\Common.php(1089): CodeIgniter\View\View->render('Dashboard/dafta...', Array, true)
#4 C:\xampp7\htdocs\ci4\app\Controllers\Dashboard.php(21): view('Dashboard/dafta...', Array)
#5 C:\xampp7\htdocs\ci4\system\CodeIgniter.php(832): App\Controllers\Dashboard->daftar()
#6 C:\xampp7\htdocs\ci4\system\CodeIgniter.php(419): CodeIgniter\CodeIgniter->runController(Object(App\Controllers\Dashboard))
#7 C:\xampp7\htdocs\ci4\system\CodeIgniter.php(326): CodeIgniter\CodeIgniter->handleRequest(NULL, Object(Config\Cache), false)
#8 C:\xampp7\htdocs\ci4\public\index.php(37): CodeIgniter\CodeIgniter->run()
#9 {main}
CRITICAL - 2022-03-28 22:34:20 --> Invalid argument supplied for foreach()
#0 C:\xampp7\htdocs\ci4\app\Views\Dashboard\daftar.php(85): CodeIgniter\Debug\Exceptions->errorHandler(2, 'Invalid argumen...', 'C:\\xampp7\\htdoc...', 85, Array)
#1 C:\xampp7\htdocs\ci4\system\View\View.php(210): include('C:\\xampp7\\htdoc...')
#2 C:\xampp7\htdocs\ci4\system\View\View.php(213): CodeIgniter\View\View->CodeIgniter\View\{closure}()
#3 C:\xampp7\htdocs\ci4\system\Common.php(1089): CodeIgniter\View\View->render('Dashboard/dafta...', Array, true)
#4 C:\xampp7\htdocs\ci4\app\Controllers\Dashboard.php(21): view('Dashboard/dafta...', Array)
#5 C:\xampp7\htdocs\ci4\system\CodeIgniter.php(832): App\Controllers\Dashboard->daftar()
#6 C:\xampp7\htdocs\ci4\system\CodeIgniter.php(419): CodeIgniter\CodeIgniter->runController(Object(App\Controllers\Dashboard))
#7 C:\xampp7\htdocs\ci4\system\CodeIgniter.php(326): CodeIgniter\CodeIgniter->handleRequest(NULL, Object(Config\Cache), false)
#8 C:\xampp7\htdocs\ci4\public\index.php(37): CodeIgniter\CodeIgniter->run()
#9 {main}
CRITICAL - 2022-03-28 22:34:22 --> Invalid argument supplied for foreach()
#0 C:\xampp7\htdocs\ci4\app\Views\Dashboard\daftar.php(85): CodeIgniter\Debug\Exceptions->errorHandler(2, 'Invalid argumen...', 'C:\\xampp7\\htdoc...', 85, Array)
#1 C:\xampp7\htdocs\ci4\system\View\View.php(210): include('C:\\xampp7\\htdoc...')
#2 C:\xampp7\htdocs\ci4\system\View\View.php(213): CodeIgniter\View\View->CodeIgniter\View\{closure}()
#3 C:\xampp7\htdocs\ci4\system\Common.php(1089): CodeIgniter\View\View->render('Dashboard/dafta...', Array, true)
#4 C:\xampp7\htdocs\ci4\app\Controllers\Dashboard.php(21): view('Dashboard/dafta...', Array)
#5 C:\xampp7\htdocs\ci4\system\CodeIgniter.php(832): App\Controllers\Dashboard->daftar()
#6 C:\xampp7\htdocs\ci4\system\CodeIgniter.php(419): CodeIgniter\CodeIgniter->runController(Object(App\Controllers\Dashboard))
#7 C:\xampp7\htdocs\ci4\system\CodeIgniter.php(326): CodeIgniter\CodeIgniter->handleRequest(NULL, Object(Config\Cache), false)
#8 C:\xampp7\htdocs\ci4\public\index.php(37): CodeIgniter\CodeIgniter->run()
#9 {main}
CRITICAL - 2022-03-28 22:35:34 --> Too few arguments to function App\Controllers\Dashboard::daftar(), 0 passed in C:\xampp7\htdocs\ci4\system\CodeIgniter.php on line 832 and exactly 1 expected
#0 C:\xampp7\htdocs\ci4\system\CodeIgniter.php(832): App\Controllers\Dashboard->daftar()
#1 C:\xampp7\htdocs\ci4\system\CodeIgniter.php(419): CodeIgniter\CodeIgniter->runController(Object(App\Controllers\Dashboard))
#2 C:\xampp7\htdocs\ci4\system\CodeIgniter.php(326): CodeIgniter\CodeIgniter->handleRequest(NULL, Object(Config\Cache), false)
#3 C:\xampp7\htdocs\ci4\public\index.php(37): CodeIgniter\CodeIgniter->run()
#4 {main}
CRITICAL - 2022-03-28 22:37:51 --> Invalid argument supplied for foreach()
#0 C:\xampp7\htdocs\ci4\app\Views\Dashboard\daftar.php(85): CodeIgniter\Debug\Exceptions->errorHandler(2, 'Invalid argumen...', 'C:\\xampp7\\htdoc...', 85, Array)
#1 C:\xampp7\htdocs\ci4\system\View\View.php(210): include('C:\\xampp7\\htdoc...')
#2 C:\xampp7\htdocs\ci4\system\View\View.php(213): CodeIgniter\View\View->CodeIgniter\View\{closure}()
#3 C:\xampp7\htdocs\ci4\system\Common.php(1089): CodeIgniter\View\View->render('Dashboard/dafta...', Array, true)
#4 C:\xampp7\htdocs\ci4\app\Controllers\Dashboard.php(21): view('Dashboard/dafta...', Array)
#5 C:\xampp7\htdocs\ci4\system\CodeIgniter.php(832): App\Controllers\Dashboard->daftar()
#6 C:\xampp7\htdocs\ci4\system\CodeIgniter.php(419): CodeIgniter\CodeIgniter->runController(Object(App\Controllers\Dashboard))
#7 C:\xampp7\htdocs\ci4\system\CodeIgniter.php(326): CodeIgniter\CodeIgniter->handleRequest(NULL, Object(Config\Cache), false)
#8 C:\xampp7\htdocs\ci4\public\index.php(37): CodeIgniter\CodeIgniter->run()
#9 {main}
CRITICAL - 2022-03-28 22:41:49 --> Invalid argument supplied for foreach()
#0 C:\xampp7\htdocs\ci4\app\Views\Dashboard\daftar.php(85): CodeIgniter\Debug\Exceptions->errorHandler(2, 'Invalid argumen...', 'C:\\xampp7\\htdoc...', 85, Array)
#1 C:\xampp7\htdocs\ci4\system\View\View.php(210): include('C:\\xampp7\\htdoc...')
#2 C:\xampp7\htdocs\ci4\system\View\View.php(213): CodeIgniter\View\View->CodeIgniter\View\{closure}()
#3 C:\xampp7\htdocs\ci4\system\Common.php(1089): CodeIgniter\View\View->render('Dashboard/dafta...', Array, true)
#4 C:\xampp7\htdocs\ci4\app\Controllers\Dashboard.php(21): view('Dashboard/dafta...', Array)
#5 C:\xampp7\htdocs\ci4\system\CodeIgniter.php(832): App\Controllers\Dashboard->daftar()
#6 C:\xampp7\htdocs\ci4\system\CodeIgniter.php(419): CodeIgniter\CodeIgniter->runController(Object(App\Controllers\Dashboard))
#7 C:\xampp7\htdocs\ci4\system\CodeIgniter.php(326): CodeIgniter\CodeIgniter->handleRequest(NULL, Object(Config\Cache), false)
#8 C:\xampp7\htdocs\ci4\public\index.php(37): CodeIgniter\CodeIgniter->run()
#9 {main}
CRITICAL - 2022-03-28 22:42:02 --> Invalid argument supplied for foreach()
#0 C:\xampp7\htdocs\ci4\app\Views\Dashboard\daftar.php(85): CodeIgniter\Debug\Exceptions->errorHandler(2, 'Invalid argumen...', 'C:\\xampp7\\htdoc...', 85, Array)
#1 C:\xampp7\htdocs\ci4\system\View\View.php(210): include('C:\\xampp7\\htdoc...')
#2 C:\xampp7\htdocs\ci4\system\View\View.php(213): CodeIgniter\View\View->CodeIgniter\View\{closure}()
#3 C:\xampp7\htdocs\ci4\system\Common.php(1089): CodeIgniter\View\View->render('Dashboard/dafta...', Array, true)
#4 C:\xampp7\htdocs\ci4\app\Controllers\Dashboard.php(21): view('Dashboard/dafta...', Array)
#5 C:\xampp7\htdocs\ci4\system\CodeIgniter.php(832): App\Controllers\Dashboard->daftar()
#6 C:\xampp7\htdocs\ci4\system\CodeIgniter.php(419): CodeIgniter\CodeIgniter->runController(Object(App\Controllers\Dashboard))
#7 C:\xampp7\htdocs\ci4\system\CodeIgniter.php(326): CodeIgniter\CodeIgniter->handleRequest(NULL, Object(Config\Cache), false)
#8 C:\xampp7\htdocs\ci4\public\index.php(37): CodeIgniter\CodeIgniter->run()
#9 {main}
