CRITICAL - 2022-06-24 03:41:59 --> You must set the database table to be used with your query.
#0 C:\xampp\htdocs\Futsal\system\Model.php(545): CodeIgniter\Database\BaseConnection->table(NULL)
#1 C:\xampp\htdocs\Futsal\system\Model.php(722): CodeIgniter\Model->builder()
#2 C:\xampp\htdocs\Futsal\app\Controllers\Admin.php(20): CodeIgniter\Model->__call('sch', Array)
#3 C:\xampp\htdocs\Futsal\system\CodeIgniter.php(832): App\Controllers\Admin->index()
#4 C:\xampp\htdocs\Futsal\system\CodeIgniter.php(419): CodeIgniter\CodeIgniter->runController(Object(App\Controllers\Admin))
#5 C:\xampp\htdocs\Futsal\system\CodeIgniter.php(326): CodeIgniter\CodeIgniter->handleRequest(NULL, Object(Config\Cache), false)
#6 C:\xampp\htdocs\Futsal\public\index.php(37): CodeIgniter\CodeIgniter->run()
#7 {main}
CRITICAL - 2022-06-24 03:42:06 --> You must set the database table to be used with your query.
#0 C:\xampp\htdocs\Futsal\system\Model.php(545): CodeIgniter\Database\BaseConnection->table(NULL)
#1 C:\xampp\htdocs\Futsal\system\Model.php(722): CodeIgniter\Model->builder()
#2 C:\xampp\htdocs\Futsal\app\Controllers\Admin.php(20): CodeIgniter\Model->__call('sch', Array)
#3 C:\xampp\htdocs\Futsal\system\CodeIgniter.php(832): App\Controllers\Admin->index()
#4 C:\xampp\htdocs\Futsal\system\CodeIgniter.php(419): CodeIgniter\CodeIgniter->runController(Object(App\Controllers\Admin))
#5 C:\xampp\htdocs\Futsal\system\CodeIgniter.php(326): CodeIgniter\CodeIgniter->handleRequest(NULL, Object(Config\Cache), false)
#6 C:\xampp\htdocs\Futsal\public\index.php(37): CodeIgniter\CodeIgniter->run()
#7 {main}
CRITICAL - 2022-06-24 03:42:21 --> You must set the database table to be used with your query.
#0 C:\xampp\htdocs\Futsal\system\Model.php(545): CodeIgniter\Database\BaseConnection->table(NULL)
#1 C:\xampp\htdocs\Futsal\system\Model.php(722): CodeIgniter\Model->builder()
#2 C:\xampp\htdocs\Futsal\app\Controllers\Admin.php(20): CodeIgniter\Model->__call('sch', Array)
#3 C:\xampp\htdocs\Futsal\system\CodeIgniter.php(832): App\Controllers\Admin->index()
#4 C:\xampp\htdocs\Futsal\system\CodeIgniter.php(419): CodeIgniter\CodeIgniter->runController(Object(App\Controllers\Admin))
#5 C:\xampp\htdocs\Futsal\system\CodeIgniter.php(326): CodeIgniter\CodeIgniter->handleRequest(NULL, Object(Config\Cache), false)
#6 C:\xampp\htdocs\Futsal\public\index.php(37): CodeIgniter\CodeIgniter->run()
#7 {main}
CRITICAL - 2022-06-24 03:43:08 --> You must set the database table to be used with your query.
#0 C:\xampp\htdocs\Futsal\system\Model.php(545): CodeIgniter\Database\BaseConnection->table(NULL)
#1 C:\xampp\htdocs\Futsal\system\Model.php(722): CodeIgniter\Model->builder()
#2 C:\xampp\htdocs\Futsal\app\Controllers\Admin.php(20): CodeIgniter\Model->__call('sch', Array)
#3 C:\xampp\htdocs\Futsal\system\CodeIgniter.php(832): App\Controllers\Admin->index()
#4 C:\xampp\htdocs\Futsal\system\CodeIgniter.php(419): CodeIgniter\CodeIgniter->runController(Object(App\Controllers\Admin))
#5 C:\xampp\htdocs\Futsal\system\CodeIgniter.php(326): CodeIgniter\CodeIgniter->handleRequest(NULL, Object(Config\Cache), false)
#6 C:\xampp\htdocs\Futsal\public\index.php(37): CodeIgniter\CodeIgniter->run()
#7 {main}
CRITICAL - 2022-06-24 03:43:16 --> You must set the database table to be used with your query.
#0 C:\xampp\htdocs\Futsal\system\Model.php(545): CodeIgniter\Database\BaseConnection->table(NULL)
#1 C:\xampp\htdocs\Futsal\system\Model.php(722): CodeIgniter\Model->builder()
#2 C:\xampp\htdocs\Futsal\app\Controllers\Admin.php(20): CodeIgniter\Model->__call('sch', Array)
#3 C:\xampp\htdocs\Futsal\system\CodeIgniter.php(832): App\Controllers\Admin->index()
#4 C:\xampp\htdocs\Futsal\system\CodeIgniter.php(419): CodeIgniter\CodeIgniter->runController(Object(App\Controllers\Admin))
#5 C:\xampp\htdocs\Futsal\system\CodeIgniter.php(326): CodeIgniter\CodeIgniter->handleRequest(NULL, Object(Config\Cache), false)
#6 C:\xampp\htdocs\Futsal\public\index.php(37): CodeIgniter\CodeIgniter->run()
#7 {main}
CRITICAL - 2022-06-24 03:50:49 --> You must set the database table to be used with your query.
#0 C:\xampp\htdocs\Futsal\system\Model.php(545): CodeIgniter\Database\BaseConnection->table(NULL)
#1 C:\xampp\htdocs\Futsal\system\Model.php(722): CodeIgniter\Model->builder()
#2 C:\xampp\htdocs\Futsal\app\Controllers\Admin.php(20): CodeIgniter\Model->__call('sch', Array)
#3 C:\xampp\htdocs\Futsal\system\CodeIgniter.php(832): App\Controllers\Admin->index()
#4 C:\xampp\htdocs\Futsal\system\CodeIgniter.php(419): CodeIgniter\CodeIgniter->runController(Object(App\Controllers\Admin))
#5 C:\xampp\htdocs\Futsal\system\CodeIgniter.php(326): CodeIgniter\CodeIgniter->handleRequest(NULL, Object(Config\Cache), false)
#6 C:\xampp\htdocs\Futsal\public\index.php(37): CodeIgniter\CodeIgniter->run()
#7 {main}
CRITICAL - 2022-06-24 04:14:33 --> Undefined property: stdClass::$kd_sewa
#0 C:\xampp\htdocs\Futsal\app\Views\Admin\daftaruser.php(30): CodeIgniter\Debug\Exceptions->errorHandler(8, 'Undefined prope...', 'C:\\xampp\\htdocs...', 30, Array)
#1 C:\xampp\htdocs\Futsal\system\View\View.php(210): include('C:\\xampp\\htdocs...')
#2 C:\xampp\htdocs\Futsal\system\View\View.php(213): CodeIgniter\View\View->CodeIgniter\View\{closure}()
#3 C:\xampp\htdocs\Futsal\system\Common.php(1089): CodeIgniter\View\View->render('Admin/daftaruse...', Array, true)
#4 C:\xampp\htdocs\Futsal\app\Controllers\Admin.php(63): view('Admin/daftaruse...', Array)
#5 C:\xampp\htdocs\Futsal\system\CodeIgniter.php(832): App\Controllers\Admin->daftaruser()
#6 C:\xampp\htdocs\Futsal\system\CodeIgniter.php(419): CodeIgniter\CodeIgniter->runController(Object(App\Controllers\Admin))
#7 C:\xampp\htdocs\Futsal\system\CodeIgniter.php(326): CodeIgniter\CodeIgniter->handleRequest(NULL, Object(Config\Cache), false)
#8 C:\xampp\htdocs\Futsal\public\index.php(37): CodeIgniter\CodeIgniter->run()
#9 {main}
ERROR - 2022-06-24 18:45:53 --> Column 'total_biaya' cannot be null
CRITICAL - 2022-06-24 18:45:53 --> Column 'total_biaya' cannot be null
#0 C:\xampp\htdocs\Futsal\system\Database\MySQLi\Connection.php(292): mysqli->query('INSERT INTO `se...', 0)
#1 C:\xampp\htdocs\Futsal\system\Database\BaseConnection.php(670): CodeIgniter\Database\MySQLi\Connection->execute('INSERT INTO `se...')
#2 C:\xampp\htdocs\Futsal\system\Database\BaseConnection.php(598): CodeIgniter\Database\BaseConnection->simpleQuery('INSERT INTO `se...')
#3 C:\xampp\htdocs\Futsal\system\Database\BaseBuilder.php(1771): CodeIgniter\Database\BaseConnection->query('INSERT INTO `se...', Array, false)
#4 C:\xampp\htdocs\Futsal\app\Models\Model_LR.php(18): CodeIgniter\Database\BaseBuilder->insert(Array)
#5 C:\xampp\htdocs\Futsal\app\Controllers\User.php(46): App\Models\Model_LR->savedatasewa(Array)
#6 C:\xampp\htdocs\Futsal\system\CodeIgniter.php(832): App\Controllers\User->psewa()
#7 C:\xampp\htdocs\Futsal\system\CodeIgniter.php(419): CodeIgniter\CodeIgniter->runController(Object(App\Controllers\User))
#8 C:\xampp\htdocs\Futsal\system\CodeIgniter.php(326): CodeIgniter\CodeIgniter->handleRequest(NULL, Object(Config\Cache), false)
#9 C:\xampp\htdocs\Futsal\public\index.php(37): CodeIgniter\CodeIgniter->run()
#10 {main}
CRITICAL - 2022-06-24 07:40:22 --> Undefined variable: totalTime
#0 C:\xampp\htdocs\Futsal\system\Debug\Toolbar\Views\toolbar.tpl.php(40): CodeIgniter\Debug\Exceptions->errorHandler(8, 'Undefined varia...', 'C:\\xampp\\htdocs...', 40, Array)
#1 C:\xampp\htdocs\Futsal\system\Debug\Toolbar.php(501): include('C:\\xampp\\htdocs...')
#2 C:\xampp\htdocs\Futsal\system\Debug\Toolbar.php(464): CodeIgniter\Debug\Toolbar->format(Array, 'html')
#3 C:\xampp\htdocs\Futsal\app\Config\Events.php(48): CodeIgniter\Debug\Toolbar->respond()
#4 C:\xampp\htdocs\Futsal\system\Events\Events.php(149): CodeIgniter\Events\Events::Config\{closure}()
#5 C:\xampp\htdocs\Futsal\system\CodeIgniter.php(308): CodeIgniter\Events\Events::trigger('pre_system')
#6 C:\xampp\htdocs\Futsal\public\index.php(37): CodeIgniter\CodeIgniter->run()
#7 {main}
