CRITICAL - 2022-03-23 01:43:25 --> date_default_timezone_get() expects exactly 0 parameters, 1 given
#0 [internal function]: CodeIgniter\Debug\Exceptions->errorHandler(2, 'date_default_ti...', 'C:\\xampp7\\htdoc...', 29, Array)
#1 C:\xampp7\htdocs\ci4\app\Controllers\Dashboard.php(29): date_default_timezone_get('Asia/Jakarta')
#2 C:\xampp7\htdocs\ci4\system\CodeIgniter.php(832): App\Controllers\Dashboard->prosestambah()
#3 C:\xampp7\htdocs\ci4\system\CodeIgniter.php(419): CodeIgniter\CodeIgniter->runController(Object(App\Controllers\Dashboard))
#4 C:\xampp7\htdocs\ci4\system\CodeIgniter.php(326): CodeIgniter\CodeIgniter->handleRequest(NULL, Object(Config\Cache), false)
#5 C:\xampp7\htdocs\ci4\public\index.php(37): CodeIgniter\CodeIgniter->run()
#6 {main}
CRITICAL - 2022-03-23 01:45:20 --> You must set the database table to be used with your query.
#0 C:\xampp7\htdocs\ci4\system\Model.php(545): CodeIgniter\Database\BaseConnection->table(NULL)
#1 C:\xampp7\htdocs\ci4\system\Model.php(722): CodeIgniter\Model->builder()
#2 C:\xampp7\htdocs\ci4\app\Controllers\Dashboard.php(46): CodeIgniter\Model->__call('simpandata', Array)
#3 C:\xampp7\htdocs\ci4\system\CodeIgniter.php(832): App\Controllers\Dashboard->prosestambah()
#4 C:\xampp7\htdocs\ci4\system\CodeIgniter.php(419): CodeIgniter\CodeIgniter->runController(Object(App\Controllers\Dashboard))
#5 C:\xampp7\htdocs\ci4\system\CodeIgniter.php(326): CodeIgniter\CodeIgniter->handleRequest(NULL, Object(Config\Cache), false)
#6 C:\xampp7\htdocs\ci4\public\index.php(37): CodeIgniter\CodeIgniter->run()
#7 {main}
CRITICAL - 2022-03-23 01:51:33 --> You must set the database table to be used with your query.
#0 C:\xampp7\htdocs\ci4\system\Model.php(545): CodeIgniter\Database\BaseConnection->table(NULL)
#1 C:\xampp7\htdocs\ci4\system\Model.php(722): CodeIgniter\Model->builder()
#2 C:\xampp7\htdocs\ci4\app\Controllers\Dashboard.php(46): CodeIgniter\Model->__call('simpandata', Array)
#3 C:\xampp7\htdocs\ci4\system\CodeIgniter.php(832): App\Controllers\Dashboard->prosestambah()
#4 C:\xampp7\htdocs\ci4\system\CodeIgniter.php(419): CodeIgniter\CodeIgniter->runController(Object(App\Controllers\Dashboard))
#5 C:\xampp7\htdocs\ci4\system\CodeIgniter.php(326): CodeIgniter\CodeIgniter->handleRequest(NULL, Object(Config\Cache), false)
#6 C:\xampp7\htdocs\ci4\public\index.php(37): CodeIgniter\CodeIgniter->run()
#7 {main}
CRITICAL - 2022-03-23 01:51:50 --> You must set the database table to be used with your query.
#0 C:\xampp7\htdocs\ci4\system\Model.php(545): CodeIgniter\Database\BaseConnection->table(NULL)
#1 C:\xampp7\htdocs\ci4\system\Model.php(722): CodeIgniter\Model->builder()
#2 C:\xampp7\htdocs\ci4\app\Controllers\Dashboard.php(46): CodeIgniter\Model->__call('simpandata', Array)
#3 C:\xampp7\htdocs\ci4\system\CodeIgniter.php(832): App\Controllers\Dashboard->prosestambah()
#4 C:\xampp7\htdocs\ci4\system\CodeIgniter.php(419): CodeIgniter\CodeIgniter->runController(Object(App\Controllers\Dashboard))
#5 C:\xampp7\htdocs\ci4\system\CodeIgniter.php(326): CodeIgniter\CodeIgniter->handleRequest(NULL, Object(Config\Cache), false)
#6 C:\xampp7\htdocs\ci4\public\index.php(37): CodeIgniter\CodeIgniter->run()
#7 {main}
CRITICAL - 2022-03-23 01:54:52 --> You must set the database table to be used with your query.
#0 C:\xampp7\htdocs\ci4\system\Model.php(545): CodeIgniter\Database\BaseConnection->table(NULL)
#1 C:\xampp7\htdocs\ci4\system\Model.php(722): CodeIgniter\Model->builder()
#2 C:\xampp7\htdocs\ci4\app\Controllers\Dashboard.php(46): CodeIgniter\Model->__call('simpandata', Array)
#3 C:\xampp7\htdocs\ci4\system\CodeIgniter.php(832): App\Controllers\Dashboard->prosestambah()
#4 C:\xampp7\htdocs\ci4\system\CodeIgniter.php(419): CodeIgniter\CodeIgniter->runController(Object(App\Controllers\Dashboard))
#5 C:\xampp7\htdocs\ci4\system\CodeIgniter.php(326): CodeIgniter\CodeIgniter->handleRequest(NULL, Object(Config\Cache), false)
#6 C:\xampp7\htdocs\ci4\public\index.php(37): CodeIgniter\CodeIgniter->run()
#7 {main}
CRITICAL - 2022-03-23 01:54:52 --> You must set the database table to be used with your query.
#0 C:\xampp7\htdocs\ci4\system\Model.php(545): CodeIgniter\Database\BaseConnection->table(NULL)
#1 C:\xampp7\htdocs\ci4\system\Model.php(722): CodeIgniter\Model->builder()
#2 C:\xampp7\htdocs\ci4\app\Controllers\Dashboard.php(46): CodeIgniter\Model->__call('simpandata', Array)
#3 C:\xampp7\htdocs\ci4\system\CodeIgniter.php(832): App\Controllers\Dashboard->prosestambah()
#4 C:\xampp7\htdocs\ci4\system\CodeIgniter.php(419): CodeIgniter\CodeIgniter->runController(Object(App\Controllers\Dashboard))
#5 C:\xampp7\htdocs\ci4\system\CodeIgniter.php(326): CodeIgniter\CodeIgniter->handleRequest(NULL, Object(Config\Cache), false)
#6 C:\xampp7\htdocs\ci4\public\index.php(37): CodeIgniter\CodeIgniter->run()
#7 {main}
CRITICAL - 2022-03-23 01:54:52 --> You must set the database table to be used with your query.
#0 C:\xampp7\htdocs\ci4\system\Model.php(545): CodeIgniter\Database\BaseConnection->table(NULL)
#1 C:\xampp7\htdocs\ci4\system\Model.php(722): CodeIgniter\Model->builder()
#2 C:\xampp7\htdocs\ci4\app\Controllers\Dashboard.php(46): CodeIgniter\Model->__call('simpandata', Array)
#3 C:\xampp7\htdocs\ci4\system\CodeIgniter.php(832): App\Controllers\Dashboard->prosestambah()
#4 C:\xampp7\htdocs\ci4\system\CodeIgniter.php(419): CodeIgniter\CodeIgniter->runController(Object(App\Controllers\Dashboard))
#5 C:\xampp7\htdocs\ci4\system\CodeIgniter.php(326): CodeIgniter\CodeIgniter->handleRequest(NULL, Object(Config\Cache), false)
#6 C:\xampp7\htdocs\ci4\public\index.php(37): CodeIgniter\CodeIgniter->run()
#7 {main}
CRITICAL - 2022-03-23 01:54:57 --> You must set the database table to be used with your query.
#0 C:\xampp7\htdocs\ci4\system\Model.php(545): CodeIgniter\Database\BaseConnection->table(NULL)
#1 C:\xampp7\htdocs\ci4\system\Model.php(722): CodeIgniter\Model->builder()
#2 C:\xampp7\htdocs\ci4\app\Controllers\Dashboard.php(46): CodeIgniter\Model->__call('simpandata', Array)
#3 C:\xampp7\htdocs\ci4\system\CodeIgniter.php(832): App\Controllers\Dashboard->prosestambah()
#4 C:\xampp7\htdocs\ci4\system\CodeIgniter.php(419): CodeIgniter\CodeIgniter->runController(Object(App\Controllers\Dashboard))
#5 C:\xampp7\htdocs\ci4\system\CodeIgniter.php(326): CodeIgniter\CodeIgniter->handleRequest(NULL, Object(Config\Cache), false)
#6 C:\xampp7\htdocs\ci4\public\index.php(37): CodeIgniter\CodeIgniter->run()
#7 {main}
CRITICAL - 2022-03-23 02:01:20 --> You must set the database table to be used with your query.
#0 C:\xampp7\htdocs\ci4\system\Model.php(545): CodeIgniter\Database\BaseConnection->table(NULL)
#1 C:\xampp7\htdocs\ci4\system\Model.php(722): CodeIgniter\Model->builder()
#2 C:\xampp7\htdocs\ci4\app\Controllers\Dashboard.php(46): CodeIgniter\Model->__call('simpandata', Array)
#3 C:\xampp7\htdocs\ci4\system\CodeIgniter.php(832): App\Controllers\Dashboard->prosestambah()
#4 C:\xampp7\htdocs\ci4\system\CodeIgniter.php(419): CodeIgniter\CodeIgniter->runController(Object(App\Controllers\Dashboard))
#5 C:\xampp7\htdocs\ci4\system\CodeIgniter.php(326): CodeIgniter\CodeIgniter->handleRequest(NULL, Object(Config\Cache), false)
#6 C:\xampp7\htdocs\ci4\public\index.php(37): CodeIgniter\CodeIgniter->run()
#7 {main}
CRITICAL - 2022-03-23 02:11:01 --> You must set the database table to be used with your query.
#0 C:\xampp7\htdocs\ci4\system\Model.php(545): CodeIgniter\Database\BaseConnection->table(NULL)
#1 C:\xampp7\htdocs\ci4\system\Model.php(722): CodeIgniter\Model->builder()
#2 C:\xampp7\htdocs\ci4\app\Controllers\Dashboard.php(72): CodeIgniter\Model->__call('simpandata', Array)
#3 C:\xampp7\htdocs\ci4\system\CodeIgniter.php(832): App\Controllers\Dashboard->prosestambah2()
#4 C:\xampp7\htdocs\ci4\system\CodeIgniter.php(419): CodeIgniter\CodeIgniter->runController(Object(App\Controllers\Dashboard))
#5 C:\xampp7\htdocs\ci4\system\CodeIgniter.php(326): CodeIgniter\CodeIgniter->handleRequest(NULL, Object(Config\Cache), false)
#6 C:\xampp7\htdocs\ci4\public\index.php(37): CodeIgniter\CodeIgniter->run()
#7 {main}
CRITICAL - 2022-03-23 02:13:04 --> You must set the database table to be used with your query.
#0 C:\xampp7\htdocs\ci4\system\Model.php(545): CodeIgniter\Database\BaseConnection->table(NULL)
#1 C:\xampp7\htdocs\ci4\system\Model.php(722): CodeIgniter\Model->builder()
#2 C:\xampp7\htdocs\ci4\app\Controllers\Dashboard.php(46): CodeIgniter\Model->__call('simpandata', Array)
#3 C:\xampp7\htdocs\ci4\system\CodeIgniter.php(832): App\Controllers\Dashboard->prosestambah()
#4 C:\xampp7\htdocs\ci4\system\CodeIgniter.php(419): CodeIgniter\CodeIgniter->runController(Object(App\Controllers\Dashboard))
#5 C:\xampp7\htdocs\ci4\system\CodeIgniter.php(326): CodeIgniter\CodeIgniter->handleRequest(NULL, Object(Config\Cache), false)
#6 C:\xampp7\htdocs\ci4\public\index.php(37): CodeIgniter\CodeIgniter->run()
#7 {main}
CRITICAL - 2022-03-23 02:14:52 --> You must set the database table to be used with your query.
#0 C:\xampp7\htdocs\ci4\system\Model.php(545): CodeIgniter\Database\BaseConnection->table(NULL)
#1 C:\xampp7\htdocs\ci4\system\Model.php(722): CodeIgniter\Model->builder()
#2 C:\xampp7\htdocs\ci4\app\Controllers\Dashboard.php(46): CodeIgniter\Model->__call('simpandata', Array)
#3 C:\xampp7\htdocs\ci4\system\CodeIgniter.php(832): App\Controllers\Dashboard->prosestambah()
#4 C:\xampp7\htdocs\ci4\system\CodeIgniter.php(419): CodeIgniter\CodeIgniter->runController(Object(App\Controllers\Dashboard))
#5 C:\xampp7\htdocs\ci4\system\CodeIgniter.php(326): CodeIgniter\CodeIgniter->handleRequest(NULL, Object(Config\Cache), false)
#6 C:\xampp7\htdocs\ci4\public\index.php(37): CodeIgniter\CodeIgniter->run()
#7 {main}
CRITICAL - 2022-03-23 02:14:52 --> You must set the database table to be used with your query.
#0 C:\xampp7\htdocs\ci4\system\Model.php(545): CodeIgniter\Database\BaseConnection->table(NULL)
#1 C:\xampp7\htdocs\ci4\system\Model.php(722): CodeIgniter\Model->builder()
#2 C:\xampp7\htdocs\ci4\app\Controllers\Dashboard.php(46): CodeIgniter\Model->__call('simpandata', Array)
#3 C:\xampp7\htdocs\ci4\system\CodeIgniter.php(832): App\Controllers\Dashboard->prosestambah()
#4 C:\xampp7\htdocs\ci4\system\CodeIgniter.php(419): CodeIgniter\CodeIgniter->runController(Object(App\Controllers\Dashboard))
#5 C:\xampp7\htdocs\ci4\system\CodeIgniter.php(326): CodeIgniter\CodeIgniter->handleRequest(NULL, Object(Config\Cache), false)
#6 C:\xampp7\htdocs\ci4\public\index.php(37): CodeIgniter\CodeIgniter->run()
#7 {main}
CRITICAL - 2022-03-23 02:16:09 --> You must set the database table to be used with your query.
#0 C:\xampp7\htdocs\ci4\system\Model.php(545): CodeIgniter\Database\BaseConnection->table(NULL)
#1 C:\xampp7\htdocs\ci4\system\Model.php(722): CodeIgniter\Model->builder()
#2 C:\xampp7\htdocs\ci4\app\Controllers\Dashboard.php(46): CodeIgniter\Model->__call('simpandata', Array)
#3 C:\xampp7\htdocs\ci4\system\CodeIgniter.php(832): App\Controllers\Dashboard->prosestambah()
#4 C:\xampp7\htdocs\ci4\system\CodeIgniter.php(419): CodeIgniter\CodeIgniter->runController(Object(App\Controllers\Dashboard))
#5 C:\xampp7\htdocs\ci4\system\CodeIgniter.php(326): CodeIgniter\CodeIgniter->handleRequest(NULL, Object(Config\Cache), false)
#6 C:\xampp7\htdocs\ci4\public\index.php(37): CodeIgniter\CodeIgniter->run()
#7 {main}
CRITICAL - 2022-03-23 02:17:17 --> You must set the database table to be used with your query.
#0 C:\xampp7\htdocs\ci4\system\Model.php(545): CodeIgniter\Database\BaseConnection->table(NULL)
#1 C:\xampp7\htdocs\ci4\system\Model.php(722): CodeIgniter\Model->builder()
#2 C:\xampp7\htdocs\ci4\app\Controllers\Dashboard.php(72): CodeIgniter\Model->__call('simpandata', Array)
#3 C:\xampp7\htdocs\ci4\system\CodeIgniter.php(832): App\Controllers\Dashboard->prosestambah2()
#4 C:\xampp7\htdocs\ci4\system\CodeIgniter.php(419): CodeIgniter\CodeIgniter->runController(Object(App\Controllers\Dashboard))
#5 C:\xampp7\htdocs\ci4\system\CodeIgniter.php(326): CodeIgniter\CodeIgniter->handleRequest(NULL, Object(Config\Cache), false)
#6 C:\xampp7\htdocs\ci4\public\index.php(37): CodeIgniter\CodeIgniter->run()
#7 {main}
CRITICAL - 2022-03-23 02:17:17 --> You must set the database table to be used with your query.
#0 C:\xampp7\htdocs\ci4\system\Model.php(545): CodeIgniter\Database\BaseConnection->table(NULL)
#1 C:\xampp7\htdocs\ci4\system\Model.php(722): CodeIgniter\Model->builder()
#2 C:\xampp7\htdocs\ci4\app\Controllers\Dashboard.php(72): CodeIgniter\Model->__call('simpandata', Array)
#3 C:\xampp7\htdocs\ci4\system\CodeIgniter.php(832): App\Controllers\Dashboard->prosestambah2()
#4 C:\xampp7\htdocs\ci4\system\CodeIgniter.php(419): CodeIgniter\CodeIgniter->runController(Object(App\Controllers\Dashboard))
#5 C:\xampp7\htdocs\ci4\system\CodeIgniter.php(326): CodeIgniter\CodeIgniter->handleRequest(NULL, Object(Config\Cache), false)
#6 C:\xampp7\htdocs\ci4\public\index.php(37): CodeIgniter\CodeIgniter->run()
#7 {main}
CRITICAL - 2022-03-23 02:18:36 --> You must use the "set" method to update an entry.
#0 C:\xampp7\htdocs\ci4\system\Database\BaseBuilder.php(1758): CodeIgniter\Database\BaseBuilder->validateInsert()
#1 C:\xampp7\htdocs\ci4\app\Models\Model_User.php(9): CodeIgniter\Database\BaseBuilder->insert()
#2 C:\xampp7\htdocs\ci4\app\Controllers\Dashboard.php(46): App\Models\Model_User->simpan_data(Array)
#3 C:\xampp7\htdocs\ci4\system\CodeIgniter.php(832): App\Controllers\Dashboard->prosestambah()
#4 C:\xampp7\htdocs\ci4\system\CodeIgniter.php(419): CodeIgniter\CodeIgniter->runController(Object(App\Controllers\Dashboard))
#5 C:\xampp7\htdocs\ci4\system\CodeIgniter.php(326): CodeIgniter\CodeIgniter->handleRequest(NULL, Object(Config\Cache), false)
#6 C:\xampp7\htdocs\ci4\public\index.php(37): CodeIgniter\CodeIgniter->run()
#7 {main}
CRITICAL - 2022-03-23 02:18:46 --> You must use the "set" method to update an entry.
#0 C:\xampp7\htdocs\ci4\system\Database\BaseBuilder.php(1758): CodeIgniter\Database\BaseBuilder->validateInsert()
#1 C:\xampp7\htdocs\ci4\app\Models\Model_User.php(9): CodeIgniter\Database\BaseBuilder->insert()
#2 C:\xampp7\htdocs\ci4\app\Controllers\Dashboard.php(46): App\Models\Model_User->simpan_data(Array)
#3 C:\xampp7\htdocs\ci4\system\CodeIgniter.php(832): App\Controllers\Dashboard->prosestambah()
#4 C:\xampp7\htdocs\ci4\system\CodeIgniter.php(419): CodeIgniter\CodeIgniter->runController(Object(App\Controllers\Dashboard))
#5 C:\xampp7\htdocs\ci4\system\CodeIgniter.php(326): CodeIgniter\CodeIgniter->handleRequest(NULL, Object(Config\Cache), false)
#6 C:\xampp7\htdocs\ci4\public\index.php(37): CodeIgniter\CodeIgniter->run()
#7 {main}
CRITICAL - 2022-03-23 02:21:35 --> You must use the "set" method to update an entry.
#0 C:\xampp7\htdocs\ci4\system\Database\BaseBuilder.php(1758): CodeIgniter\Database\BaseBuilder->validateInsert()
#1 C:\xampp7\htdocs\ci4\app\Models\Model_User.php(9): CodeIgniter\Database\BaseBuilder->insert()
#2 C:\xampp7\htdocs\ci4\app\Controllers\Dashboard.php(46): App\Models\Model_User->simpan_data(Array)
#3 C:\xampp7\htdocs\ci4\system\CodeIgniter.php(832): App\Controllers\Dashboard->prosestambah()
#4 C:\xampp7\htdocs\ci4\system\CodeIgniter.php(419): CodeIgniter\CodeIgniter->runController(Object(App\Controllers\Dashboard))
#5 C:\xampp7\htdocs\ci4\system\CodeIgniter.php(326): CodeIgniter\CodeIgniter->handleRequest(NULL, Object(Config\Cache), false)
#6 C:\xampp7\htdocs\ci4\public\index.php(37): CodeIgniter\CodeIgniter->run()
#7 {main}
CRITICAL - 2022-03-23 02:21:47 --> You must use the "set" method to update an entry.
#0 C:\xampp7\htdocs\ci4\system\Database\BaseBuilder.php(1758): CodeIgniter\Database\BaseBuilder->validateInsert()
#1 C:\xampp7\htdocs\ci4\app\Models\Model_User.php(9): CodeIgniter\Database\BaseBuilder->insert()
#2 C:\xampp7\htdocs\ci4\app\Controllers\Dashboard.php(46): App\Models\Model_User->simpan_data(Array)
#3 C:\xampp7\htdocs\ci4\system\CodeIgniter.php(832): App\Controllers\Dashboard->prosestambah()
#4 C:\xampp7\htdocs\ci4\system\CodeIgniter.php(419): CodeIgniter\CodeIgniter->runController(Object(App\Controllers\Dashboard))
#5 C:\xampp7\htdocs\ci4\system\CodeIgniter.php(326): CodeIgniter\CodeIgniter->handleRequest(NULL, Object(Config\Cache), false)
#6 C:\xampp7\htdocs\ci4\public\index.php(37): CodeIgniter\CodeIgniter->run()
#7 {main}
CRITICAL - 2022-03-23 02:21:47 --> You must use the "set" method to update an entry.
#0 C:\xampp7\htdocs\ci4\system\Database\BaseBuilder.php(1758): CodeIgniter\Database\BaseBuilder->validateInsert()
#1 C:\xampp7\htdocs\ci4\app\Models\Model_User.php(9): CodeIgniter\Database\BaseBuilder->insert()
#2 C:\xampp7\htdocs\ci4\app\Controllers\Dashboard.php(46): App\Models\Model_User->simpan_data(Array)
#3 C:\xampp7\htdocs\ci4\system\CodeIgniter.php(832): App\Controllers\Dashboard->prosestambah()
#4 C:\xampp7\htdocs\ci4\system\CodeIgniter.php(419): CodeIgniter\CodeIgniter->runController(Object(App\Controllers\Dashboard))
#5 C:\xampp7\htdocs\ci4\system\CodeIgniter.php(326): CodeIgniter\CodeIgniter->handleRequest(NULL, Object(Config\Cache), false)
#6 C:\xampp7\htdocs\ci4\public\index.php(37): CodeIgniter\CodeIgniter->run()
#7 {main}
CRITICAL - 2022-03-23 02:24:39 --> You must set the database table to be used with your query.
#0 C:\xampp7\htdocs\ci4\system\Model.php(545): CodeIgniter\Database\BaseConnection->table(NULL)
#1 C:\xampp7\htdocs\ci4\system\Model.php(722): CodeIgniter\Model->builder()
#2 C:\xampp7\htdocs\ci4\app\Controllers\Dashboard.php(46): CodeIgniter\Model->__call('simpandata', Array)
#3 C:\xampp7\htdocs\ci4\system\CodeIgniter.php(832): App\Controllers\Dashboard->prosestambah()
#4 C:\xampp7\htdocs\ci4\system\CodeIgniter.php(419): CodeIgniter\CodeIgniter->runController(Object(App\Controllers\Dashboard))
#5 C:\xampp7\htdocs\ci4\system\CodeIgniter.php(326): CodeIgniter\CodeIgniter->handleRequest(NULL, Object(Config\Cache), false)
#6 C:\xampp7\htdocs\ci4\public\index.php(37): CodeIgniter\CodeIgniter->run()
#7 {main}
CRITICAL - 2022-03-23 02:25:43 --> You must set the database table to be used with your query.
#0 C:\xampp7\htdocs\ci4\system\Model.php(545): CodeIgniter\Database\BaseConnection->table(NULL)
#1 C:\xampp7\htdocs\ci4\system\Model.php(722): CodeIgniter\Model->builder()
#2 C:\xampp7\htdocs\ci4\app\Controllers\Dashboard.php(46): CodeIgniter\Model->__call('simpandata', Array)
#3 C:\xampp7\htdocs\ci4\system\CodeIgniter.php(832): App\Controllers\Dashboard->prosestambah()
#4 C:\xampp7\htdocs\ci4\system\CodeIgniter.php(419): CodeIgniter\CodeIgniter->runController(Object(App\Controllers\Dashboard))
#5 C:\xampp7\htdocs\ci4\system\CodeIgniter.php(326): CodeIgniter\CodeIgniter->handleRequest(NULL, Object(Config\Cache), false)
#6 C:\xampp7\htdocs\ci4\public\index.php(37): CodeIgniter\CodeIgniter->run()
#7 {main}
CRITICAL - 2022-03-23 02:26:31 --> Undefined property: App\Controllers\Dashboard::$model
#0 C:\xampp7\htdocs\ci4\app\Controllers\Dashboard.php(46): CodeIgniter\Debug\Exceptions->errorHandler(8, 'Undefined prope...', 'C:\\xampp7\\htdoc...', 46, Array)
#1 C:\xampp7\htdocs\ci4\system\CodeIgniter.php(832): App\Controllers\Dashboard->prosestambah()
#2 C:\xampp7\htdocs\ci4\system\CodeIgniter.php(419): CodeIgniter\CodeIgniter->runController(Object(App\Controllers\Dashboard))
#3 C:\xampp7\htdocs\ci4\system\CodeIgniter.php(326): CodeIgniter\CodeIgniter->handleRequest(NULL, Object(Config\Cache), false)
#4 C:\xampp7\htdocs\ci4\public\index.php(37): CodeIgniter\CodeIgniter->run()
#5 {main}
CRITICAL - 2022-03-23 02:28:34 --> You must set the database table to be used with your query.
#0 C:\xampp7\htdocs\ci4\system\Model.php(545): CodeIgniter\Database\BaseConnection->table(NULL)
#1 C:\xampp7\htdocs\ci4\system\Model.php(722): CodeIgniter\Model->builder()
#2 C:\xampp7\htdocs\ci4\app\Controllers\Dashboard.php(46): CodeIgniter\Model->__call('simpandata', Array)
#3 C:\xampp7\htdocs\ci4\system\CodeIgniter.php(832): App\Controllers\Dashboard->prosestambah()
#4 C:\xampp7\htdocs\ci4\system\CodeIgniter.php(419): CodeIgniter\CodeIgniter->runController(Object(App\Controllers\Dashboard))
#5 C:\xampp7\htdocs\ci4\system\CodeIgniter.php(326): CodeIgniter\CodeIgniter->handleRequest(NULL, Object(Config\Cache), false)
#6 C:\xampp7\htdocs\ci4\public\index.php(37): CodeIgniter\CodeIgniter->run()
#7 {main}
CRITICAL - 2022-03-23 02:42:17 --> You must set the database table to be used with your query.
#0 C:\xampp7\htdocs\ci4\system\Model.php(545): CodeIgniter\Database\BaseConnection->table(NULL)
#1 C:\xampp7\htdocs\ci4\system\Model.php(722): CodeIgniter\Model->builder()
#2 C:\xampp7\htdocs\ci4\app\Controllers\Dashboard.php(46): CodeIgniter\Model->__call('simpandata', Array)
#3 C:\xampp7\htdocs\ci4\system\CodeIgniter.php(832): App\Controllers\Dashboard->prosestambah()
#4 C:\xampp7\htdocs\ci4\system\CodeIgniter.php(419): CodeIgniter\CodeIgniter->runController(Object(App\Controllers\Dashboard))
#5 C:\xampp7\htdocs\ci4\system\CodeIgniter.php(326): CodeIgniter\CodeIgniter->handleRequest(NULL, Object(Config\Cache), false)
#6 C:\xampp7\htdocs\ci4\public\index.php(37): CodeIgniter\CodeIgniter->run()
#7 {main}
CRITICAL - 2022-03-23 02:45:38 --> You must use the "set" method to update an entry.
#0 C:\xampp7\htdocs\ci4\system\Database\BaseBuilder.php(1758): CodeIgniter\Database\BaseBuilder->validateInsert()
#1 C:\xampp7\htdocs\ci4\app\Models\Model_User.php(11): CodeIgniter\Database\BaseBuilder->insert()
#2 C:\xampp7\htdocs\ci4\app\Controllers\Dashboard.php(46): App\Models\Model_User->simpandata(Array)
#3 C:\xampp7\htdocs\ci4\system\CodeIgniter.php(832): App\Controllers\Dashboard->prosestambah()
#4 C:\xampp7\htdocs\ci4\system\CodeIgniter.php(419): CodeIgniter\CodeIgniter->runController(Object(App\Controllers\Dashboard))
#5 C:\xampp7\htdocs\ci4\system\CodeIgniter.php(326): CodeIgniter\CodeIgniter->handleRequest(NULL, Object(Config\Cache), false)
#6 C:\xampp7\htdocs\ci4\public\index.php(37): CodeIgniter\CodeIgniter->run()
#7 {main}
CRITICAL - 2022-03-23 02:47:04 --> You must set the database table to be used with your query.
#0 C:\xampp7\htdocs\ci4\system\Model.php(545): CodeIgniter\Database\BaseConnection->table(NULL)
#1 C:\xampp7\htdocs\ci4\system\Model.php(722): CodeIgniter\Model->builder()
#2 C:\xampp7\htdocs\ci4\app\Controllers\Dashboard.php(46): CodeIgniter\Model->__call('simpandata', Array)
#3 C:\xampp7\htdocs\ci4\system\CodeIgniter.php(832): App\Controllers\Dashboard->prosestambah()
#4 C:\xampp7\htdocs\ci4\system\CodeIgniter.php(419): CodeIgniter\CodeIgniter->runController(Object(App\Controllers\Dashboard))
#5 C:\xampp7\htdocs\ci4\system\CodeIgniter.php(326): CodeIgniter\CodeIgniter->handleRequest(NULL, Object(Config\Cache), false)
#6 C:\xampp7\htdocs\ci4\public\index.php(37): CodeIgniter\CodeIgniter->run()
#7 {main}
CRITICAL - 2022-03-23 02:51:53 --> You must set the database table to be used with your query.
#0 C:\xampp7\htdocs\ci4\system\Model.php(545): CodeIgniter\Database\BaseConnection->table(NULL)
#1 C:\xampp7\htdocs\ci4\system\Model.php(722): CodeIgniter\Model->builder()
#2 C:\xampp7\htdocs\ci4\app\Controllers\Dashboard.php(46): CodeIgniter\Model->__call('simpandata', Array)
#3 C:\xampp7\htdocs\ci4\system\CodeIgniter.php(832): App\Controllers\Dashboard->prosestambah()
#4 C:\xampp7\htdocs\ci4\system\CodeIgniter.php(419): CodeIgniter\CodeIgniter->runController(Object(App\Controllers\Dashboard))
#5 C:\xampp7\htdocs\ci4\system\CodeIgniter.php(326): CodeIgniter\CodeIgniter->handleRequest(NULL, Object(Config\Cache), false)
#6 C:\xampp7\htdocs\ci4\public\index.php(37): CodeIgniter\CodeIgniter->run()
#7 {main}
CRITICAL - 2022-03-23 02:53:45 --> You must set the database table to be used with your query.
#0 C:\xampp7\htdocs\ci4\system\Model.php(545): CodeIgniter\Database\BaseConnection->table(NULL)
#1 C:\xampp7\htdocs\ci4\system\Model.php(722): CodeIgniter\Model->builder()
#2 C:\xampp7\htdocs\ci4\app\Controllers\Dashboard.php(46): CodeIgniter\Model->__call('simpandata', Array)
#3 C:\xampp7\htdocs\ci4\system\CodeIgniter.php(832): App\Controllers\Dashboard->prosestambah()
#4 C:\xampp7\htdocs\ci4\system\CodeIgniter.php(419): CodeIgniter\CodeIgniter->runController(Object(App\Controllers\Dashboard))
#5 C:\xampp7\htdocs\ci4\system\CodeIgniter.php(326): CodeIgniter\CodeIgniter->handleRequest(NULL, Object(Config\Cache), false)
#6 C:\xampp7\htdocs\ci4\public\index.php(37): CodeIgniter\CodeIgniter->run()
#7 {main}
CRITICAL - 2022-03-23 02:55:05 --> You must use the "set" method to update an entry.
#0 C:\xampp7\htdocs\ci4\system\Database\BaseBuilder.php(1758): CodeIgniter\Database\BaseBuilder->validateInsert()
#1 C:\xampp7\htdocs\ci4\app\Models\Model_User.php(11): CodeIgniter\Database\BaseBuilder->insert()
#2 C:\xampp7\htdocs\ci4\app\Controllers\Dashboard.php(46): App\Models\Model_User->simpandata(Array)
#3 C:\xampp7\htdocs\ci4\system\CodeIgniter.php(832): App\Controllers\Dashboard->prosestambah()
#4 C:\xampp7\htdocs\ci4\system\CodeIgniter.php(419): CodeIgniter\CodeIgniter->runController(Object(App\Controllers\Dashboard))
#5 C:\xampp7\htdocs\ci4\system\CodeIgniter.php(326): CodeIgniter\CodeIgniter->handleRequest(NULL, Object(Config\Cache), false)
#6 C:\xampp7\htdocs\ci4\public\index.php(37): CodeIgniter\CodeIgniter->run()
#7 {main}
CRITICAL - 2022-03-23 02:59:38 --> You must set the database table to be used with your query.
#0 C:\xampp7\htdocs\ci4\system\Model.php(545): CodeIgniter\Database\BaseConnection->table(NULL)
#1 C:\xampp7\htdocs\ci4\system\Model.php(722): CodeIgniter\Model->builder()
#2 C:\xampp7\htdocs\ci4\app\Controllers\Dashboard.php(46): CodeIgniter\Model->__call('simpandata', Array)
#3 C:\xampp7\htdocs\ci4\system\CodeIgniter.php(832): App\Controllers\Dashboard->prosestambah()
#4 C:\xampp7\htdocs\ci4\system\CodeIgniter.php(419): CodeIgniter\CodeIgniter->runController(Object(App\Controllers\Dashboard))
#5 C:\xampp7\htdocs\ci4\system\CodeIgniter.php(326): CodeIgniter\CodeIgniter->handleRequest(NULL, Object(Config\Cache), false)
#6 C:\xampp7\htdocs\ci4\public\index.php(37): CodeIgniter\CodeIgniter->run()
#7 {main}
ERROR - 2022-03-23 15:03:42 --> Duplicate entry 'U032303034' for key 'PRIMARY'
CRITICAL - 2022-03-23 15:03:42 --> Duplicate entry 'U032303034' for key 'PRIMARY'
#0 C:\xampp7\htdocs\ci4\system\Database\MySQLi\Connection.php(292): mysqli->query('INSERT INTO `us...', 0)
#1 C:\xampp7\htdocs\ci4\system\Database\BaseConnection.php(670): CodeIgniter\Database\MySQLi\Connection->execute('INSERT INTO `us...')
#2 C:\xampp7\htdocs\ci4\system\Database\BaseConnection.php(598): CodeIgniter\Database\BaseConnection->simpleQuery('INSERT INTO `us...')
#3 C:\xampp7\htdocs\ci4\system\Database\BaseBuilder.php(1771): CodeIgniter\Database\BaseConnection->query('INSERT INTO `us...', Array, false)
#4 C:\xampp7\htdocs\ci4\app\Models\Model_User.php(9): CodeIgniter\Database\BaseBuilder->insert(Array)
#5 C:\xampp7\htdocs\ci4\app\Controllers\Dashboard.php(47): App\Models\Model_User->simpandata(Array)
#6 C:\xampp7\htdocs\ci4\system\CodeIgniter.php(832): App\Controllers\Dashboard->prosestambah()
#7 C:\xampp7\htdocs\ci4\system\CodeIgniter.php(419): CodeIgniter\CodeIgniter->runController(Object(App\Controllers\Dashboard))
#8 C:\xampp7\htdocs\ci4\system\CodeIgniter.php(326): CodeIgniter\CodeIgniter->handleRequest(NULL, Object(Config\Cache), false)
#9 C:\xampp7\htdocs\ci4\public\index.php(37): CodeIgniter\CodeIgniter->run()
#10 {main}
ERROR - 2022-03-23 15:04:10 --> Duplicate entry 'U032303041' for key 'PRIMARY'
CRITICAL - 2022-03-23 15:04:10 --> Duplicate entry 'U032303041' for key 'PRIMARY'
#0 C:\xampp7\htdocs\ci4\system\Database\MySQLi\Connection.php(292): mysqli->query('INSERT INTO `us...', 0)
#1 C:\xampp7\htdocs\ci4\system\Database\BaseConnection.php(670): CodeIgniter\Database\MySQLi\Connection->execute('INSERT INTO `us...')
#2 C:\xampp7\htdocs\ci4\system\Database\BaseConnection.php(598): CodeIgniter\Database\BaseConnection->simpleQuery('INSERT INTO `us...')
#3 C:\xampp7\htdocs\ci4\system\Database\BaseBuilder.php(1771): CodeIgniter\Database\BaseConnection->query('INSERT INTO `us...', Array, false)
#4 C:\xampp7\htdocs\ci4\app\Models\Model_User.php(9): CodeIgniter\Database\BaseBuilder->insert(Array)
#5 C:\xampp7\htdocs\ci4\app\Controllers\Dashboard.php(47): App\Models\Model_User->simpandata(Array)
#6 C:\xampp7\htdocs\ci4\system\CodeIgniter.php(832): App\Controllers\Dashboard->prosestambah()
#7 C:\xampp7\htdocs\ci4\system\CodeIgniter.php(419): CodeIgniter\CodeIgniter->runController(Object(App\Controllers\Dashboard))
#8 C:\xampp7\htdocs\ci4\system\CodeIgniter.php(326): CodeIgniter\CodeIgniter->handleRequest(NULL, Object(Config\Cache), false)
#9 C:\xampp7\htdocs\ci4\public\index.php(37): CodeIgniter\CodeIgniter->run()
#10 {main}
ERROR - 2022-03-23 03:04:43 --> Duplicate entry 'U032403044' for key 'PRIMARY'
CRITICAL - 2022-03-23 03:04:43 --> Duplicate entry 'U032403044' for key 'PRIMARY'
#0 C:\xampp7\htdocs\ci4\system\Database\MySQLi\Connection.php(292): mysqli->query('INSERT INTO `us...', 0)
#1 C:\xampp7\htdocs\ci4\system\Database\BaseConnection.php(670): CodeIgniter\Database\MySQLi\Connection->execute('INSERT INTO `us...')
#2 C:\xampp7\htdocs\ci4\system\Database\BaseConnection.php(598): CodeIgniter\Database\BaseConnection->simpleQuery('INSERT INTO `us...')
#3 C:\xampp7\htdocs\ci4\system\Database\BaseBuilder.php(1771): CodeIgniter\Database\BaseConnection->query('INSERT INTO `us...', Array, false)
#4 C:\xampp7\htdocs\ci4\app\Models\Model_User.php(9): CodeIgniter\Database\BaseBuilder->insert(Array)
#5 C:\xampp7\htdocs\ci4\app\Controllers\Dashboard.php(46): App\Models\Model_User->simpandata(Array)
#6 C:\xampp7\htdocs\ci4\system\CodeIgniter.php(832): App\Controllers\Dashboard->prosestambah()
#7 C:\xampp7\htdocs\ci4\system\CodeIgniter.php(419): CodeIgniter\CodeIgniter->runController(Object(App\Controllers\Dashboard))
#8 C:\xampp7\htdocs\ci4\system\CodeIgniter.php(326): CodeIgniter\CodeIgniter->handleRequest(NULL, Object(Config\Cache), false)
#9 C:\xampp7\htdocs\ci4\public\index.php(37): CodeIgniter\CodeIgniter->run()
#10 {main}
CRITICAL - 2022-03-23 03:41:48 --> syntax error, unexpected ')'
#0 C:\xampp7\htdocs\ci4\system\View\View.php(213): CodeIgniter\View\View->CodeIgniter\View\{closure}()
#1 C:\xampp7\htdocs\ci4\system\Common.php(1089): CodeIgniter\View\View->render('Dashboard/dafta...', Array, true)
#2 C:\xampp7\htdocs\ci4\app\Controllers\Dashboard.php(18): view('Dashboard/dafta...', Array)
#3 C:\xampp7\htdocs\ci4\system\CodeIgniter.php(832): App\Controllers\Dashboard->daftar()
#4 C:\xampp7\htdocs\ci4\system\CodeIgniter.php(419): CodeIgniter\CodeIgniter->runController(Object(App\Controllers\Dashboard))
#5 C:\xampp7\htdocs\ci4\system\CodeIgniter.php(326): CodeIgniter\CodeIgniter->handleRequest(NULL, Object(Config\Cache), false)
#6 C:\xampp7\htdocs\ci4\public\index.php(37): CodeIgniter\CodeIgniter->run()
#7 {main}
ERROR - 2022-03-23 16:07:40 --> Duplicate entry 'U032404073' for key 'PRIMARY'
CRITICAL - 2022-03-23 16:07:40 --> Duplicate entry 'U032404073' for key 'PRIMARY'
#0 C:\xampp7\htdocs\ci4\system\Database\MySQLi\Connection.php(292): mysqli->query('INSERT INTO `us...', 0)
#1 C:\xampp7\htdocs\ci4\system\Database\BaseConnection.php(670): CodeIgniter\Database\MySQLi\Connection->execute('INSERT INTO `us...')
#2 C:\xampp7\htdocs\ci4\system\Database\BaseConnection.php(598): CodeIgniter\Database\BaseConnection->simpleQuery('INSERT INTO `us...')
#3 C:\xampp7\htdocs\ci4\system\Database\BaseBuilder.php(1771): CodeIgniter\Database\BaseConnection->query('INSERT INTO `us...', Array, false)
#4 C:\xampp7\htdocs\ci4\app\Models\Model_User.php(9): CodeIgniter\Database\BaseBuilder->insert(Array)
#5 C:\xampp7\htdocs\ci4\app\Controllers\Dashboard.php(49): App\Models\Model_User->simpandata(Array)
#6 C:\xampp7\htdocs\ci4\system\CodeIgniter.php(832): App\Controllers\Dashboard->prosestambah()
#7 C:\xampp7\htdocs\ci4\system\CodeIgniter.php(419): CodeIgniter\CodeIgniter->runController(Object(App\Controllers\Dashboard))
#8 C:\xampp7\htdocs\ci4\system\CodeIgniter.php(326): CodeIgniter\CodeIgniter->handleRequest(NULL, Object(Config\Cache), false)
#9 C:\xampp7\htdocs\ci4\public\index.php(37): CodeIgniter\CodeIgniter->run()
#10 {main}
ERROR - 2022-03-23 16:08:17 --> Duplicate entry 'U032404081' for key 'PRIMARY'
CRITICAL - 2022-03-23 16:08:17 --> Duplicate entry 'U032404081' for key 'PRIMARY'
#0 C:\xampp7\htdocs\ci4\system\Database\MySQLi\Connection.php(292): mysqli->query('INSERT INTO `us...', 0)
#1 C:\xampp7\htdocs\ci4\system\Database\BaseConnection.php(670): CodeIgniter\Database\MySQLi\Connection->execute('INSERT INTO `us...')
#2 C:\xampp7\htdocs\ci4\system\Database\BaseConnection.php(598): CodeIgniter\Database\BaseConnection->simpleQuery('INSERT INTO `us...')
#3 C:\xampp7\htdocs\ci4\system\Database\BaseBuilder.php(1771): CodeIgniter\Database\BaseConnection->query('INSERT INTO `us...', Array, false)
#4 C:\xampp7\htdocs\ci4\app\Models\Model_User.php(9): CodeIgniter\Database\BaseBuilder->insert(Array)
#5 C:\xampp7\htdocs\ci4\app\Controllers\Dashboard.php(49): App\Models\Model_User->simpandata(Array)
#6 C:\xampp7\htdocs\ci4\system\CodeIgniter.php(832): App\Controllers\Dashboard->prosestambah()
#7 C:\xampp7\htdocs\ci4\system\CodeIgniter.php(419): CodeIgniter\CodeIgniter->runController(Object(App\Controllers\Dashboard))
#8 C:\xampp7\htdocs\ci4\system\CodeIgniter.php(326): CodeIgniter\CodeIgniter->handleRequest(NULL, Object(Config\Cache), false)
#9 C:\xampp7\htdocs\ci4\public\index.php(37): CodeIgniter\CodeIgniter->run()
#10 {main}
ERROR - 2022-03-23 16:08:45 --> Duplicate entry 'U032404084' for key 'PRIMARY'
CRITICAL - 2022-03-23 16:08:45 --> Duplicate entry 'U032404084' for key 'PRIMARY'
#0 C:\xampp7\htdocs\ci4\system\Database\MySQLi\Connection.php(292): mysqli->query('INSERT INTO `us...', 0)
#1 C:\xampp7\htdocs\ci4\system\Database\BaseConnection.php(670): CodeIgniter\Database\MySQLi\Connection->execute('INSERT INTO `us...')
#2 C:\xampp7\htdocs\ci4\system\Database\BaseConnection.php(598): CodeIgniter\Database\BaseConnection->simpleQuery('INSERT INTO `us...')
#3 C:\xampp7\htdocs\ci4\system\Database\BaseBuilder.php(1771): CodeIgniter\Database\BaseConnection->query('INSERT INTO `us...', Array, false)
#4 C:\xampp7\htdocs\ci4\app\Models\Model_User.php(9): CodeIgniter\Database\BaseBuilder->insert(Array)
#5 C:\xampp7\htdocs\ci4\app\Controllers\Dashboard.php(49): App\Models\Model_User->simpandata(Array)
#6 C:\xampp7\htdocs\ci4\system\CodeIgniter.php(832): App\Controllers\Dashboard->prosestambah()
#7 C:\xampp7\htdocs\ci4\system\CodeIgniter.php(419): CodeIgniter\CodeIgniter->runController(Object(App\Controllers\Dashboard))
#8 C:\xampp7\htdocs\ci4\system\CodeIgniter.php(326): CodeIgniter\CodeIgniter->handleRequest(NULL, Object(Config\Cache), false)
#9 C:\xampp7\htdocs\ci4\public\index.php(37): CodeIgniter\CodeIgniter->run()
#10 {main}
ERROR - 2022-03-23 16:08:45 --> Duplicate entry 'U032404084' for key 'PRIMARY'
CRITICAL - 2022-03-23 16:08:45 --> Duplicate entry 'U032404084' for key 'PRIMARY'
#0 C:\xampp7\htdocs\ci4\system\Database\MySQLi\Connection.php(292): mysqli->query('INSERT INTO `us...', 0)
#1 C:\xampp7\htdocs\ci4\system\Database\BaseConnection.php(670): CodeIgniter\Database\MySQLi\Connection->execute('INSERT INTO `us...')
#2 C:\xampp7\htdocs\ci4\system\Database\BaseConnection.php(598): CodeIgniter\Database\BaseConnection->simpleQuery('INSERT INTO `us...')
#3 C:\xampp7\htdocs\ci4\system\Database\BaseBuilder.php(1771): CodeIgniter\Database\BaseConnection->query('INSERT INTO `us...', Array, false)
#4 C:\xampp7\htdocs\ci4\app\Models\Model_User.php(9): CodeIgniter\Database\BaseBuilder->insert(Array)
#5 C:\xampp7\htdocs\ci4\app\Controllers\Dashboard.php(49): App\Models\Model_User->simpandata(Array)
#6 C:\xampp7\htdocs\ci4\system\CodeIgniter.php(832): App\Controllers\Dashboard->prosestambah()
#7 C:\xampp7\htdocs\ci4\system\CodeIgniter.php(419): CodeIgniter\CodeIgniter->runController(Object(App\Controllers\Dashboard))
#8 C:\xampp7\htdocs\ci4\system\CodeIgniter.php(326): CodeIgniter\CodeIgniter->handleRequest(NULL, Object(Config\Cache), false)
#9 C:\xampp7\htdocs\ci4\public\index.php(37): CodeIgniter\CodeIgniter->run()
#10 {main}
ERROR - 2022-03-23 16:13:30 --> Duplicate entry 'U032404133' for key 'PRIMARY'
CRITICAL - 2022-03-23 16:13:30 --> Duplicate entry 'U032404133' for key 'PRIMARY'
#0 C:\xampp7\htdocs\ci4\system\Database\MySQLi\Connection.php(292): mysqli->query('INSERT INTO `us...', 0)
#1 C:\xampp7\htdocs\ci4\system\Database\BaseConnection.php(670): CodeIgniter\Database\MySQLi\Connection->execute('INSERT INTO `us...')
#2 C:\xampp7\htdocs\ci4\system\Database\BaseConnection.php(598): CodeIgniter\Database\BaseConnection->simpleQuery('INSERT INTO `us...')
#3 C:\xampp7\htdocs\ci4\system\Database\BaseBuilder.php(1771): CodeIgniter\Database\BaseConnection->query('INSERT INTO `us...', Array, false)
#4 C:\xampp7\htdocs\ci4\app\Models\Model_User.php(9): CodeIgniter\Database\BaseBuilder->insert(Array)
#5 C:\xampp7\htdocs\ci4\app\Controllers\Dashboard.php(49): App\Models\Model_User->simpandata(Array)
#6 C:\xampp7\htdocs\ci4\system\CodeIgniter.php(832): App\Controllers\Dashboard->prosestambah()
#7 C:\xampp7\htdocs\ci4\system\CodeIgniter.php(419): CodeIgniter\CodeIgniter->runController(Object(App\Controllers\Dashboard))
#8 C:\xampp7\htdocs\ci4\system\CodeIgniter.php(326): CodeIgniter\CodeIgniter->handleRequest(NULL, Object(Config\Cache), false)
#9 C:\xampp7\htdocs\ci4\public\index.php(37): CodeIgniter\CodeIgniter->run()
#10 {main}
